{"/Users/danielkirkwood/code/pycode/components/Layout.tsx": {"path":"/Users/danielkirkwood/code/pycode/components/Layout.tsx","statementMap":{"0":{"start":{"line":6,"column":21},"end":{"line":6,"column":33}},"1":{"start":{"line":7,"column":2},"end":{"line":13,"column":3}}},"fnMap":{"0":{"name":"Layout","decl":{"start":{"line":5,"column":24},"end":{"line":5,"column":30}},"loc":{"start":{"line":5,"column":45},"end":{"line":14,"column":1}},"line":5}},"branchMap":{},"s":{"0":46,"1":46},"f":{"0":46},"b":{},"_coverageSchema":"1a1c01bbd47fc00a2c39e90264f33305004495a9","hash":"d583c6abb8de1bf4da5ba50eff68bcfe1b40999a"}
,"/Users/danielkirkwood/code/pycode/components/PopupMessage.tsx": {"path":"/Users/danielkirkwood/code/pycode/components/PopupMessage.tsx","statementMap":{"0":{"start":{"line":10,"column":21},"end":{"line":31,"column":1}},"1":{"start":{"line":11,"column":2},"end":{"line":30,"column":3}}},"fnMap":{"0":{"name":"(anonymous_0)","decl":{"start":{"line":10,"column":21},"end":{"line":10,"column":22}},"loc":{"start":{"line":10,"column":64},"end":{"line":31,"column":1}},"line":10}},"branchMap":{"0":{"loc":{"start":{"line":16,"column":63},"end":{"line":16,"column":113}},"type":"cond-expr","locations":[{"start":{"line":16,"column":84},"end":{"line":16,"column":98}},{"start":{"line":16,"column":101},"end":{"line":16,"column":113}}],"line":16},"1":{"loc":{"start":{"line":17,"column":9},"end":{"line":21,"column":9}},"type":"cond-expr","locations":[{"start":{"line":18,"column":10},"end":{"line":18,"column":71}},{"start":{"line":20,"column":10},"end":{"line":20,"column":65}}],"line":17},"2":{"loc":{"start":{"line":25,"column":44},"end":{"line":25,"column":98}},"type":"cond-expr","locations":[{"start":{"line":25,"column":65},"end":{"line":25,"column":81}},{"start":{"line":25,"column":84},"end":{"line":25,"column":98}}],"line":25}},"s":{"0":2,"1":0},"f":{"0":0},"b":{"0":[0,0],"1":[0,0],"2":[0,0]},"_coverageSchema":"1a1c01bbd47fc00a2c39e90264f33305004495a9","hash":"b2d8bdb5f7a89a173604bddc578e341c65116a7d"}
,"/Users/danielkirkwood/code/pycode/components/SkeletonChallengeList.tsx": {"path":"/Users/danielkirkwood/code/pycode/components/SkeletonChallengeList.tsx","statementMap":{"0":{"start":{"line":7,"column":30},"end":{"line":29,"column":1}},"1":{"start":{"line":8,"column":16},"end":{"line":8,"column":18}},"2":{"start":{"line":9,"column":2},"end":{"line":26,"column":3}},"3":{"start":{"line":9,"column":19},"end":{"line":9,"column":20}},"4":{"start":{"line":10,"column":4},"end":{"line":25,"column":5}},"5":{"start":{"line":28,"column":2},"end":{"line":28,"column":21}}},"fnMap":{"0":{"name":"(anonymous_0)","decl":{"start":{"line":7,"column":30},"end":{"line":7,"column":31}},"loc":{"start":{"line":7,"column":60},"end":{"line":29,"column":1}},"line":7}},"branchMap":{},"s":{"0":2,"1":4,"2":4,"3":4,"4":80,"5":4},"f":{"0":4},"b":{},"_coverageSchema":"1a1c01bbd47fc00a2c39e90264f33305004495a9","hash":"52e1a5d9b591f4af7a06f6aee2d4e2b1616f6ec1"}
,"/Users/danielkirkwood/code/pycode/components/ChallengeCard/ChallengeCard.tsx": {"path":"/Users/danielkirkwood/code/pycode/components/ChallengeCard/ChallengeCard.tsx","statementMap":{"0":{"start":{"line":10,"column":22},"end":{"line":28,"column":1}},"1":{"start":{"line":11,"column":2},"end":{"line":27,"column":3}}},"fnMap":{"0":{"name":"(anonymous_0)","decl":{"start":{"line":10,"column":22},"end":{"line":10,"column":23}},"loc":{"start":{"line":10,"column":40},"end":{"line":28,"column":1}},"line":10}},"branchMap":{},"s":{"0":2,"1":0},"f":{"0":0},"b":{},"_coverageSchema":"1a1c01bbd47fc00a2c39e90264f33305004495a9","hash":"6e6d96f92d7a9b6eab0580da278bb2e28b596817"}
,"/Users/danielkirkwood/code/pycode/components/ChallengeList/ChallengeList.tsx": {"path":"/Users/danielkirkwood/code/pycode/components/ChallengeList/ChallengeList.tsx","statementMap":{"0":{"start":{"line":14,"column":22},"end":{"line":29,"column":1}},"1":{"start":{"line":15,"column":2},"end":{"line":28,"column":3}},"2":{"start":{"line":19,"column":10},"end":{"line":24,"column":12}}},"fnMap":{"0":{"name":"(anonymous_0)","decl":{"start":{"line":14,"column":22},"end":{"line":14,"column":23}},"loc":{"start":{"line":14,"column":43},"end":{"line":29,"column":1}},"line":14},"1":{"name":"(anonymous_1)","decl":{"start":{"line":18,"column":18},"end":{"line":18,"column":19}},"loc":{"start":{"line":19,"column":10},"end":{"line":24,"column":12}},"line":19}},"branchMap":{},"s":{"0":2,"1":0,"2":0},"f":{"0":0,"1":0},"b":{},"_coverageSchema":"1a1c01bbd47fc00a2c39e90264f33305004495a9","hash":"475459ca429754c91334a2e675492f1fab914829"}
,"/Users/danielkirkwood/code/pycode/components/Footer/Footer.tsx": {"path":"/Users/danielkirkwood/code/pycode/components/Footer/Footer.tsx","statementMap":{"0":{"start":{"line":9,"column":2},"end":{"line":48,"column":3}}},"fnMap":{"0":{"name":"Footer","decl":{"start":{"line":8,"column":9},"end":{"line":8,"column":15}},"loc":{"start":{"line":8,"column":49},"end":{"line":49,"column":1}},"line":8}},"branchMap":{"0":{"loc":{"start":{"line":35,"column":11},"end":{"line":39,"column":11}},"type":"binary-expr","locations":[{"start":{"line":35,"column":11},"end":{"line":35,"column":39}},{"start":{"line":36,"column":12},"end":{"line":38,"column":19}}],"line":35},"1":{"loc":{"start":{"line":40,"column":11},"end":{"line":44,"column":11}},"type":"binary-expr","locations":[{"start":{"line":40,"column":11},"end":{"line":40,"column":37}},{"start":{"line":41,"column":12},"end":{"line":43,"column":19}}],"line":40}},"s":{"0":46},"f":{"0":46},"b":{"0":[46,16],"1":[46,8]},"_coverageSchema":"1a1c01bbd47fc00a2c39e90264f33305004495a9","hash":"d461bd87541c3a6e8f7b803da66006da9042ad51"}
,"/Users/danielkirkwood/code/pycode/components/Navbar/NavDesktop.tsx": {"path":"/Users/danielkirkwood/code/pycode/components/Navbar/NavDesktop.tsx","statementMap":{"0":{"start":{"line":10,"column":2},"end":{"line":10,"column":30}},"1":{"start":{"line":18,"column":17},"end":{"line":18,"column":28}},"2":{"start":{"line":20,"column":2},"end":{"line":74,"column":3}},"3":{"start":{"line":55,"column":33},"end":{"line":55,"column":61}}},"fnMap":{"0":{"name":"isActive","decl":{"start":{"line":9,"column":9},"end":{"line":9,"column":17}},"loc":{"start":{"line":9,"column":48},"end":{"line":11,"column":1}},"line":9},"1":{"name":"NavDesktop","decl":{"start":{"line":17,"column":9},"end":{"line":17,"column":19}},"loc":{"start":{"line":17,"column":53},"end":{"line":75,"column":1}},"line":17},"2":{"name":"(anonymous_2)","decl":{"start":{"line":55,"column":27},"end":{"line":55,"column":28}},"loc":{"start":{"line":55,"column":33},"end":{"line":55,"column":61}},"line":55}},"branchMap":{"0":{"loc":{"start":{"line":25,"column":12},"end":{"line":25,"column":76}},"type":"cond-expr","locations":[{"start":{"line":25,"column":36},"end":{"line":25,"column":63}},{"start":{"line":25,"column":66},"end":{"line":25,"column":76}}],"line":25},"1":{"loc":{"start":{"line":35,"column":12},"end":{"line":35,"column":84}},"type":"cond-expr","locations":[{"start":{"line":35,"column":46},"end":{"line":35,"column":71}},{"start":{"line":35,"column":74},"end":{"line":35,"column":84}}],"line":35},"2":{"loc":{"start":{"line":43,"column":7},"end":{"line":60,"column":7}},"type":"binary-expr","locations":[{"start":{"line":43,"column":7},"end":{"line":43,"column":33}},{"start":{"line":44,"column":8},"end":{"line":59,"column":11}}],"line":43},"3":{"loc":{"start":{"line":48,"column":16},"end":{"line":48,"column":95}},"type":"cond-expr","locations":[{"start":{"line":48,"column":57},"end":{"line":48,"column":82}},{"start":{"line":48,"column":85},"end":{"line":48,"column":95}}],"line":48},"4":{"loc":{"start":{"line":61,"column":7},"end":{"line":72,"column":7}},"type":"binary-expr","locations":[{"start":{"line":61,"column":7},"end":{"line":61,"column":35}},{"start":{"line":62,"column":8},"end":{"line":71,"column":15}}],"line":61},"5":{"loc":{"start":{"line":65,"column":14},"end":{"line":65,"column":81}},"type":"cond-expr","locations":[{"start":{"line":65,"column":43},"end":{"line":65,"column":68}},{"start":{"line":65,"column":71},"end":{"line":65,"column":81}}],"line":65}},"s":{"0":116,"1":46,"2":46,"3":2},"f":{"0":116,"1":46,"2":2},"b":{"0":[38,8],"1":[4,42],"2":[46,8],"3":[0,8],"4":[46,16],"5":[4,12]},"_coverageSchema":"1a1c01bbd47fc00a2c39e90264f33305004495a9","hash":"aa065c19dd2c11c7d61f7524a68fb2140ff274ac"}
,"/Users/danielkirkwood/code/pycode/components/Navbar/NavMobile.tsx": {"path":"/Users/danielkirkwood/code/pycode/components/Navbar/NavMobile.tsx","statementMap":{"0":{"start":{"line":7,"column":2},"end":{"line":7,"column":30}},"1":{"start":{"line":15,"column":17},"end":{"line":15,"column":28}},"2":{"start":{"line":16,"column":2},"end":{"line":64,"column":3}},"3":{"start":{"line":47,"column":33},"end":{"line":47,"column":61}}},"fnMap":{"0":{"name":"isActive","decl":{"start":{"line":6,"column":9},"end":{"line":6,"column":17}},"loc":{"start":{"line":6,"column":48},"end":{"line":8,"column":1}},"line":6},"1":{"name":"NavMobile","decl":{"start":{"line":14,"column":24},"end":{"line":14,"column":33}},"loc":{"start":{"line":14,"column":66},"end":{"line":65,"column":1}},"line":14},"2":{"name":"(anonymous_2)","decl":{"start":{"line":47,"column":27},"end":{"line":47,"column":28}},"loc":{"start":{"line":47,"column":33},"end":{"line":47,"column":61}},"line":47}},"branchMap":{"0":{"loc":{"start":{"line":21,"column":12},"end":{"line":21,"column":75}},"type":"cond-expr","locations":[{"start":{"line":21,"column":36},"end":{"line":21,"column":62}},{"start":{"line":21,"column":65},"end":{"line":21,"column":75}}],"line":21},"1":{"loc":{"start":{"line":30,"column":12},"end":{"line":30,"column":85}},"type":"cond-expr","locations":[{"start":{"line":30,"column":46},"end":{"line":30,"column":72}},{"start":{"line":30,"column":75},"end":{"line":30,"column":85}}],"line":30},"2":{"loc":{"start":{"line":36,"column":7},"end":{"line":51,"column":7}},"type":"binary-expr","locations":[{"start":{"line":36,"column":7},"end":{"line":36,"column":33}},{"start":{"line":37,"column":8},"end":{"line":50,"column":11}}],"line":36},"3":{"loc":{"start":{"line":41,"column":16},"end":{"line":41,"column":96}},"type":"cond-expr","locations":[{"start":{"line":41,"column":57},"end":{"line":41,"column":83}},{"start":{"line":41,"column":86},"end":{"line":41,"column":96}}],"line":41},"4":{"loc":{"start":{"line":52,"column":7},"end":{"line":62,"column":7}},"type":"binary-expr","locations":[{"start":{"line":52,"column":7},"end":{"line":52,"column":35}},{"start":{"line":53,"column":8},"end":{"line":61,"column":15}}],"line":52},"5":{"loc":{"start":{"line":56,"column":14},"end":{"line":56,"column":82}},"type":"cond-expr","locations":[{"start":{"line":56,"column":43},"end":{"line":56,"column":69}},{"start":{"line":56,"column":72},"end":{"line":56,"column":82}}],"line":56}},"s":{"0":0,"1":0,"2":0,"3":0},"f":{"0":0,"1":0,"2":0},"b":{"0":[0,0],"1":[0,0],"2":[0,0],"3":[0,0],"4":[0,0],"5":[0,0]},"_coverageSchema":"1a1c01bbd47fc00a2c39e90264f33305004495a9","hash":"3bee4becd84baca35a133ad3313c42abb5ab4f2a"}
,"/Users/danielkirkwood/code/pycode/components/Navbar/Navbar.tsx": {"path":"/Users/danielkirkwood/code/pycode/components/Navbar/Navbar.tsx","statementMap":{"0":{"start":{"line":12,"column":34},"end":{"line":12,"column":49}},"1":{"start":{"line":13,"column":2},"end":{"line":31,"column":3}},"2":{"start":{"line":23,"column":25},"end":{"line":23,"column":47}}},"fnMap":{"0":{"name":"Navbar","decl":{"start":{"line":11,"column":9},"end":{"line":11,"column":15}},"loc":{"start":{"line":11,"column":48},"end":{"line":32,"column":1}},"line":11},"1":{"name":"(anonymous_1)","decl":{"start":{"line":23,"column":19},"end":{"line":23,"column":20}},"loc":{"start":{"line":23,"column":25},"end":{"line":23,"column":47}},"line":23}},"branchMap":{"0":{"loc":{"start":{"line":29,"column":69},"end":{"line":29,"column":110}},"type":"binary-expr","locations":[{"start":{"line":29,"column":69},"end":{"line":29,"column":77}},{"start":{"line":29,"column":81},"end":{"line":29,"column":110}}],"line":29}},"s":{"0":46,"1":46,"2":0},"f":{"0":46,"1":0},"b":{"0":[46,0]},"_coverageSchema":"1a1c01bbd47fc00a2c39e90264f33305004495a9","hash":"a38e4c249e07d5aab7681bd306eb7d8e03982cba"}
,"/Users/danielkirkwood/code/pycode/components/Pagination/Pagination.tsx": {"path":"/Users/danielkirkwood/code/pycode/components/Pagination/Pagination.tsx","statementMap":{"0":{"start":{"line":13,"column":2},"end":{"line":39,"column":3}},"1":{"start":{"line":23,"column":25},"end":{"line":23,"column":61}},"2":{"start":{"line":31,"column":25},"end":{"line":31,"column":61}}},"fnMap":{"0":{"name":"Pagination","decl":{"start":{"line":12,"column":9},"end":{"line":12,"column":19}},"loc":{"start":{"line":12,"column":111},"end":{"line":40,"column":1}},"line":12},"1":{"name":"(anonymous_1)","decl":{"start":{"line":23,"column":19},"end":{"line":23,"column":20}},"loc":{"start":{"line":23,"column":25},"end":{"line":23,"column":61}},"line":23},"2":{"name":"(anonymous_2)","decl":{"start":{"line":31,"column":19},"end":{"line":31,"column":20}},"loc":{"start":{"line":31,"column":25},"end":{"line":31,"column":61}},"line":31}},"branchMap":{"0":{"loc":{"start":{"line":16,"column":9},"end":{"line":18,"column":33}},"type":"cond-expr","locations":[{"start":{"line":17,"column":12},"end":{"line":17,"column":102}},{"start":{"line":18,"column":12},"end":{"line":18,"column":33}}],"line":16},"1":{"loc":{"start":{"line":22,"column":20},"end":{"line":22,"column":53}},"type":"cond-expr","locations":[{"start":{"line":22,"column":41},"end":{"line":22,"column":45}},{"start":{"line":22,"column":48},"end":{"line":22,"column":53}}],"line":22},"2":{"loc":{"start":{"line":30,"column":20},"end":{"line":30,"column":64}},"type":"cond-expr","locations":[{"start":{"line":30,"column":52},"end":{"line":30,"column":56}},{"start":{"line":30,"column":59},"end":{"line":30,"column":64}}],"line":30}},"s":{"0":0,"1":0,"2":0},"f":{"0":0,"1":0,"2":0},"b":{"0":[0,0],"1":[0,0],"2":[0,0]},"_coverageSchema":"1a1c01bbd47fc00a2c39e90264f33305004495a9","hash":"153b8d6ffb5ddc7ae43754188e66b3ef965a4666"}
,"/Users/danielkirkwood/code/pycode/lib/auth/validate.ts": {"path":"/Users/danielkirkwood/code/pycode/lib/auth/validate.ts","statementMap":{"0":{"start":{"line":1,"column":23},"end":{"line":4,"column":1}},"1":{"start":{"line":2,"column":21},"end":{"line":2,"column":68}},"2":{"start":{"line":3,"column":2},"end":{"line":3,"column":31}}},"fnMap":{"0":{"name":"(anonymous_0)","decl":{"start":{"line":1,"column":23},"end":{"line":1,"column":24}},"loc":{"start":{"line":1,"column":42},"end":{"line":4,"column":1}},"line":1}},"branchMap":{},"s":{"0":2,"1":0,"2":0},"f":{"0":0},"b":{},"_coverageSchema":"1a1c01bbd47fc00a2c39e90264f33305004495a9","hash":"bcaec2c010f164e7298ecb94a30faaea29fc0cf2"}
,"/Users/danielkirkwood/code/pycode/pages/_app.tsx": {"path":"/Users/danielkirkwood/code/pycode/pages/_app.tsx","statementMap":{"0":{"start":{"line":9,"column":2},"end":{"line":17,"column":3}}},"fnMap":{"0":{"name":"MyApp","decl":{"start":{"line":8,"column":9},"end":{"line":8,"column":14}},"loc":{"start":{"line":8,"column":78},"end":{"line":18,"column":1}},"line":8}},"branchMap":{},"s":{"0":24},"f":{"0":24},"b":{},"_coverageSchema":"1a1c01bbd47fc00a2c39e90264f33305004495a9","hash":"5b7400d68feba4c92606a6fa347b04f6938e71a2"}
,"/Users/danielkirkwood/code/pycode/pages/index.tsx": {"path":"/Users/danielkirkwood/code/pycode/pages/index.tsx","statementMap":{"0":{"start":{"line":7,"column":23},"end":{"line":44,"column":1}},"1":{"start":{"line":8,"column":21},"end":{"line":8,"column":33}},"2":{"start":{"line":9,"column":18},"end":{"line":9,"column":38}},"3":{"start":{"line":11,"column":2},"end":{"line":11,"column":59}},"4":{"start":{"line":11,"column":48},"end":{"line":11,"column":59}},"5":{"start":{"line":13,"column":2},"end":{"line":43,"column":3}}},"fnMap":{"0":{"name":"(anonymous_0)","decl":{"start":{"line":7,"column":23},"end":{"line":7,"column":24}},"loc":{"start":{"line":7,"column":29},"end":{"line":44,"column":1}},"line":7}},"branchMap":{"0":{"loc":{"start":{"line":11,"column":2},"end":{"line":11,"column":59}},"type":"if","locations":[{"start":{"line":11,"column":2},"end":{"line":11,"column":59}},{"start":{},"end":{}}],"line":11},"1":{"loc":{"start":{"line":11,"column":6},"end":{"line":11,"column":46}},"type":"binary-expr","locations":[{"start":{"line":11,"column":6},"end":{"line":11,"column":35}},{"start":{"line":11,"column":39},"end":{"line":11,"column":46}}],"line":11},"2":{"loc":{"start":{"line":23,"column":24},"end":{"line":23,"column":86}},"type":"cond-expr","locations":[{"start":{"line":23,"column":55},"end":{"line":23,"column":63}},{"start":{"line":23,"column":66},"end":{"line":23,"column":86}}],"line":23},"3":{"loc":{"start":{"line":28,"column":17},"end":{"line":28,"column":77}},"type":"cond-expr","locations":[{"start":{"line":28,"column":48},"end":{"line":28,"column":56}},{"start":{"line":28,"column":59},"end":{"line":28,"column":77}}],"line":28}},"s":{"0":6,"1":38,"2":38,"3":38,"4":22,"5":16},"f":{"0":38},"b":{"0":[22,16],"1":[38,38],"2":[8,8],"3":[8,8]},"_coverageSchema":"1a1c01bbd47fc00a2c39e90264f33305004495a9","hash":"9fda9c78ba7d20261aa74977990943a003a61ed8"}
,"/Users/danielkirkwood/code/pycode/pages/login.tsx": {"path":"/Users/danielkirkwood/code/pycode/pages/login.tsx","statementMap":{"0":{"start":{"line":14,"column":24},"end":{"line":195,"column":1}},"1":{"start":{"line":16,"column":28},"end":{"line":16,"column":40}},"2":{"start":{"line":19,"column":29},"end":{"line":19,"column":40}},"3":{"start":{"line":22,"column":28},"end":{"line":22,"column":40}},"4":{"start":{"line":23,"column":34},"end":{"line":23,"column":46}},"5":{"start":{"line":24,"column":42},"end":{"line":24,"column":57}},"6":{"start":{"line":27,"column":28},"end":{"line":27,"column":40}},"7":{"start":{"line":28,"column":46},"end":{"line":28,"column":61}},"8":{"start":{"line":29,"column":32},"end":{"line":32,"column":4}},"9":{"start":{"line":35,"column":21},"end":{"line":35,"column":33}},"10":{"start":{"line":37,"column":2},"end":{"line":51,"column":23}},"11":{"start":{"line":39,"column":4},"end":{"line":41,"column":5}},"12":{"start":{"line":40,"column":6},"end":{"line":40,"column":32}},"13":{"start":{"line":42,"column":4},"end":{"line":48,"column":5}},"14":{"start":{"line":43,"column":6},"end":{"line":46,"column":8}},"15":{"start":{"line":47,"column":6},"end":{"line":47,"column":29}},"16":{"start":{"line":50,"column":4},"end":{"line":50,"column":30}},"17":{"start":{"line":53,"column":23},"end":{"line":83,"column":3}},"18":{"start":{"line":54,"column":4},"end":{"line":54,"column":22}},"19":{"start":{"line":56,"column":4},"end":{"line":59,"column":5}},"20":{"start":{"line":57,"column":6},"end":{"line":57,"column":44}},"21":{"start":{"line":58,"column":6},"end":{"line":58,"column":12}},"22":{"start":{"line":60,"column":4},"end":{"line":63,"column":5}},"23":{"start":{"line":61,"column":6},"end":{"line":61,"column":36}},"24":{"start":{"line":62,"column":6},"end":{"line":62,"column":12}},"25":{"start":{"line":65,"column":19},"end":{"line":69,"column":6}},"26":{"start":{"line":71,"column":4},"end":{"line":82,"column":5}},"27":{"start":{"line":72,"column":6},"end":{"line":78,"column":7}},"28":{"start":{"line":73,"column":8},"end":{"line":73,"column":65}},"29":{"start":{"line":74,"column":8},"end":{"line":74,"column":14}},"30":{"start":{"line":76,"column":8},"end":{"line":76,"column":30}},"31":{"start":{"line":77,"column":8},"end":{"line":77,"column":14}},"32":{"start":{"line":80,"column":6},"end":{"line":80,"column":32}},"33":{"start":{"line":81,"column":6},"end":{"line":81,"column":12}},"34":{"start":{"line":85,"column":2},"end":{"line":194,"column":3}},"35":{"start":{"line":88,"column":84},"end":{"line":88,"column":108}},"36":{"start":{"line":93,"column":25},"end":{"line":93,"column":41}},"37":{"start":{"line":102,"column":25},"end":{"line":102,"column":41}},"38":{"start":{"line":131,"column":35},"end":{"line":131,"column":59}},"39":{"start":{"line":145,"column":33},"end":{"line":145,"column":63}},"40":{"start":{"line":154,"column":35},"end":{"line":154,"column":62}}},"fnMap":{"0":{"name":"(anonymous_0)","decl":{"start":{"line":14,"column":24},"end":{"line":14,"column":25}},"loc":{"start":{"line":14,"column":30},"end":{"line":195,"column":1}},"line":14},"1":{"name":"(anonymous_1)","decl":{"start":{"line":37,"column":12},"end":{"line":37,"column":13}},"loc":{"start":{"line":37,"column":18},"end":{"line":51,"column":3}},"line":37},"2":{"name":"(anonymous_2)","decl":{"start":{"line":53,"column":23},"end":{"line":53,"column":24}},"loc":{"start":{"line":53,"column":70},"end":{"line":83,"column":3}},"line":53},"3":{"name":"(anonymous_3)","decl":{"start":{"line":88,"column":78},"end":{"line":88,"column":79}},"loc":{"start":{"line":88,"column":84},"end":{"line":88,"column":108}},"line":88},"4":{"name":"(anonymous_4)","decl":{"start":{"line":93,"column":19},"end":{"line":93,"column":20}},"loc":{"start":{"line":93,"column":25},"end":{"line":93,"column":41}},"line":93},"5":{"name":"(anonymous_5)","decl":{"start":{"line":102,"column":19},"end":{"line":102,"column":20}},"loc":{"start":{"line":102,"column":25},"end":{"line":102,"column":41}},"line":102},"6":{"name":"(anonymous_6)","decl":{"start":{"line":131,"column":28},"end":{"line":131,"column":29}},"loc":{"start":{"line":131,"column":35},"end":{"line":131,"column":59}},"line":131},"7":{"name":"(anonymous_7)","decl":{"start":{"line":145,"column":27},"end":{"line":145,"column":28}},"loc":{"start":{"line":145,"column":33},"end":{"line":145,"column":63}},"line":145},"8":{"name":"(anonymous_8)","decl":{"start":{"line":154,"column":28},"end":{"line":154,"column":29}},"loc":{"start":{"line":154,"column":35},"end":{"line":154,"column":62}},"line":154}},"branchMap":{"0":{"loc":{"start":{"line":39,"column":4},"end":{"line":41,"column":5}},"type":"if","locations":[{"start":{"line":39,"column":4},"end":{"line":41,"column":5}},{"start":{},"end":{}}],"line":39},"1":{"loc":{"start":{"line":42,"column":4},"end":{"line":48,"column":5}},"type":"if","locations":[{"start":{"line":42,"column":4},"end":{"line":48,"column":5}},{"start":{},"end":{}}],"line":42},"2":{"loc":{"start":{"line":56,"column":4},"end":{"line":59,"column":5}},"type":"if","locations":[{"start":{"line":56,"column":4},"end":{"line":59,"column":5}},{"start":{},"end":{}}],"line":56},"3":{"loc":{"start":{"line":56,"column":8},"end":{"line":56,"column":27}},"type":"binary-expr","locations":[{"start":{"line":56,"column":8},"end":{"line":56,"column":14}},{"start":{"line":56,"column":18},"end":{"line":56,"column":27}}],"line":56},"4":{"loc":{"start":{"line":60,"column":4},"end":{"line":63,"column":5}},"type":"if","locations":[{"start":{"line":60,"column":4},"end":{"line":63,"column":5}},{"start":{},"end":{}}],"line":60},"5":{"loc":{"start":{"line":71,"column":4},"end":{"line":82,"column":5}},"type":"if","locations":[{"start":{"line":71,"column":4},"end":{"line":82,"column":5}},{"start":{"line":79,"column":11},"end":{"line":82,"column":5}}],"line":71},"6":{"loc":{"start":{"line":72,"column":6},"end":{"line":78,"column":7}},"type":"if","locations":[{"start":{"line":72,"column":6},"end":{"line":78,"column":7}},{"start":{"line":75,"column":13},"end":{"line":78,"column":7}}],"line":72},"7":{"loc":{"start":{"line":87,"column":7},"end":{"line":89,"column":7}},"type":"binary-expr","locations":[{"start":{"line":87,"column":7},"end":{"line":87,"column":21}},{"start":{"line":88,"column":8},"end":{"line":88,"column":112}}],"line":87},"8":{"loc":{"start":{"line":152,"column":27},"end":{"line":152,"column":61}},"type":"cond-expr","locations":[{"start":{"line":152,"column":42},"end":{"line":152,"column":48}},{"start":{"line":152,"column":51},"end":{"line":152,"column":61}}],"line":152},"9":{"loc":{"start":{"line":161,"column":13},"end":{"line":165,"column":13}},"type":"binary-expr","locations":[{"start":{"line":161,"column":13},"end":{"line":161,"column":18}},{"start":{"line":162,"column":14},"end":{"line":164,"column":20}}],"line":161}},"s":{"0":2,"1":4,"2":4,"3":4,"4":4,"5":4,"6":4,"7":4,"8":4,"9":4,"10":4,"11":2,"12":0,"13":2,"14":0,"15":0,"16":2,"17":4,"18":0,"19":0,"20":0,"21":0,"22":0,"23":0,"24":0,"25":0,"26":0,"27":0,"28":0,"29":0,"30":0,"31":0,"32":0,"33":0,"34":4,"35":0,"36":0,"37":0,"38":0,"39":0,"40":0},"f":{"0":4,"1":2,"2":0,"3":0,"4":0,"5":0,"6":0,"7":0,"8":0},"b":{"0":[0,2],"1":[0,2],"2":[0,0],"3":[0,0],"4":[0,0],"5":[0,0],"6":[0,0],"7":[4,0],"8":[0,4],"9":[4,0]},"_coverageSchema":"1a1c01bbd47fc00a2c39e90264f33305004495a9","hash":"9b1af6072a3a7b8fe1dde6e7948adb5d2088ee27"}
,"/Users/danielkirkwood/code/pycode/pages/challenges/index.tsx": {"path":"/Users/danielkirkwood/code/pycode/pages/challenges/index.tsx","statementMap":{"0":{"start":{"line":8,"column":29},"end":{"line":38,"column":1}},"1":{"start":{"line":9,"column":18},"end":{"line":9,"column":38}},"2":{"start":{"line":10,"column":26},"end":{"line":10,"column":45}},"3":{"start":{"line":12,"column":18},"end":{"line":12,"column":71}},"4":{"start":{"line":12,"column":35},"end":{"line":12,"column":71}},"5":{"start":{"line":12,"column":60},"end":{"line":12,"column":70}},"6":{"start":{"line":13,"column":26},"end":{"line":13,"column":88}},"7":{"start":{"line":16,"column":4},"end":{"line":16,"column":14}},"8":{"start":{"line":19,"column":2},"end":{"line":37,"column":3}}},"fnMap":{"0":{"name":"(anonymous_0)","decl":{"start":{"line":8,"column":29},"end":{"line":8,"column":30}},"loc":{"start":{"line":8,"column":35},"end":{"line":38,"column":1}},"line":8},"1":{"name":"(anonymous_1)","decl":{"start":{"line":12,"column":18},"end":{"line":12,"column":19}},"loc":{"start":{"line":12,"column":35},"end":{"line":12,"column":71}},"line":12},"2":{"name":"(anonymous_2)","decl":{"start":{"line":12,"column":51},"end":{"line":12,"column":52}},"loc":{"start":{"line":12,"column":60},"end":{"line":12,"column":70}},"line":12},"3":{"name":"onSkipBtnClick","decl":{"start":{"line":15,"column":11},"end":{"line":15,"column":25}},"loc":{"start":{"line":15,"column":43},"end":{"line":17,"column":3}},"line":15}},"branchMap":{"0":{"loc":{"start":{"line":21,"column":7},"end":{"line":21,"column":39}},"type":"binary-expr","locations":[{"start":{"line":21,"column":7},"end":{"line":21,"column":12}},{"start":{"line":21,"column":16},"end":{"line":21,"column":39}}],"line":21},"1":{"loc":{"start":{"line":22,"column":7},"end":{"line":22,"column":63}},"type":"binary-expr","locations":[{"start":{"line":22,"column":7},"end":{"line":22,"column":12}},{"start":{"line":22,"column":16},"end":{"line":22,"column":63}}],"line":22},"2":{"loc":{"start":{"line":23,"column":7},"end":{"line":35,"column":7}},"type":"binary-expr","locations":[{"start":{"line":23,"column":7},"end":{"line":23,"column":11}},{"start":{"line":24,"column":8},"end":{"line":34,"column":11}}],"line":23}},"s":{"0":2,"1":4,"2":4,"3":4,"4":2,"5":1,"6":4,"7":0,"8":4},"f":{"0":4,"1":2,"2":1,"3":0},"b":{"0":[4,0],"1":[4,4],"2":[4,0]},"_coverageSchema":"1a1c01bbd47fc00a2c39e90264f33305004495a9","hash":"58829642284af49659e94892a11aeb929ba41359"}
}
