{
  "/Users/danielkirkwood/code/pycode/components/Footer/Footer.tsx": {
    "path": "/Users/danielkirkwood/code/pycode/components/Footer/Footer.tsx",
    "statementMap": {
      "0": {
        "start": {
          "line": 9,
          "column": 2
        },
        "end": {
          "line": 48,
          "column": 3
        }
      }
    },
    "fnMap": {
      "0": {
        "name": "Footer",
        "decl": {
          "start": {
            "line": 8,
            "column": 9
          },
          "end": {
            "line": 8,
            "column": 15
          }
        },
        "loc": {
          "start": {
            "line": 8,
            "column": 49
          },
          "end": {
            "line": 49,
            "column": 1
          }
        },
        "line": 8
      }
    },
    "branchMap": {
      "0": {
        "loc": {
          "start": {
            "line": 35,
            "column": 11
          },
          "end": {
            "line": 39,
            "column": 11
          }
        },
        "type": "binary-expr",
        "locations": [
          {
            "start": {
              "line": 35,
              "column": 11
            },
            "end": {
              "line": 35,
              "column": 39
            }
          },
          {
            "start": {
              "line": 36,
              "column": 12
            },
            "end": {
              "line": 38,
              "column": 19
            }
          }
        ],
        "line": 35
      },
      "1": {
        "loc": {
          "start": {
            "line": 40,
            "column": 11
          },
          "end": {
            "line": 44,
            "column": 11
          }
        },
        "type": "binary-expr",
        "locations": [
          {
            "start": {
              "line": 40,
              "column": 11
            },
            "end": {
              "line": 40,
              "column": 37
            }
          },
          {
            "start": {
              "line": 41,
              "column": 12
            },
            "end": {
              "line": 43,
              "column": 19
            }
          }
        ],
        "line": 40
      }
    },
    "s": {
      "0": 148
    },
    "f": {
      "0": 148
    },
    "b": {
      "0": [
        148,
        46
      ],
      "1": [
        148,
        22
      ]
    },
    "_coverageSchema": "1a1c01bbd47fc00a2c39e90264f33305004495a9",
    "hash": "d461bd87541c3a6e8f7b803da66006da9042ad51"
  },
  "/Users/danielkirkwood/code/pycode/components/Navbar/NavDesktop.tsx": {
    "path": "/Users/danielkirkwood/code/pycode/components/Navbar/NavDesktop.tsx",
    "statementMap": {
      "0": {
        "start": {
          "line": 10,
          "column": 2
        },
        "end": {
          "line": 10,
          "column": 30
        }
      },
      "1": {
        "start": {
          "line": 18,
          "column": 17
        },
        "end": {
          "line": 18,
          "column": 28
        }
      },
      "2": {
        "start": {
          "line": 20,
          "column": 2
        },
        "end": {
          "line": 74,
          "column": 3
        }
      },
      "3": {
        "start": {
          "line": 55,
          "column": 33
        },
        "end": {
          "line": 55,
          "column": 61
        }
      }
    },
    "fnMap": {
      "0": {
        "name": "isActive",
        "decl": {
          "start": {
            "line": 9,
            "column": 9
          },
          "end": {
            "line": 9,
            "column": 17
          }
        },
        "loc": {
          "start": {
            "line": 9,
            "column": 48
          },
          "end": {
            "line": 11,
            "column": 1
          }
        },
        "line": 9
      },
      "1": {
        "name": "NavDesktop",
        "decl": {
          "start": {
            "line": 17,
            "column": 9
          },
          "end": {
            "line": 17,
            "column": 19
          }
        },
        "loc": {
          "start": {
            "line": 17,
            "column": 53
          },
          "end": {
            "line": 75,
            "column": 1
          }
        },
        "line": 17
      },
      "2": {
        "name": "(anonymous_2)",
        "decl": {
          "start": {
            "line": 55,
            "column": 27
          },
          "end": {
            "line": 55,
            "column": 28
          }
        },
        "loc": {
          "start": {
            "line": 55,
            "column": 33
          },
          "end": {
            "line": 55,
            "column": 61
          }
        },
        "line": 55
      }
    },
    "branchMap": {
      "0": {
        "loc": {
          "start": {
            "line": 25,
            "column": 12
          },
          "end": {
            "line": 25,
            "column": 76
          }
        },
        "type": "cond-expr",
        "locations": [
          {
            "start": {
              "line": 25,
              "column": 36
            },
            "end": {
              "line": 25,
              "column": 63
            }
          },
          {
            "start": {
              "line": 25,
              "column": 66
            },
            "end": {
              "line": 25,
              "column": 76
            }
          }
        ],
        "line": 25
      },
      "1": {
        "loc": {
          "start": {
            "line": 35,
            "column": 12
          },
          "end": {
            "line": 35,
            "column": 84
          }
        },
        "type": "cond-expr",
        "locations": [
          {
            "start": {
              "line": 35,
              "column": 46
            },
            "end": {
              "line": 35,
              "column": 71
            }
          },
          {
            "start": {
              "line": 35,
              "column": 74
            },
            "end": {
              "line": 35,
              "column": 84
            }
          }
        ],
        "line": 35
      },
      "2": {
        "loc": {
          "start": {
            "line": 43,
            "column": 7
          },
          "end": {
            "line": 60,
            "column": 7
          }
        },
        "type": "binary-expr",
        "locations": [
          {
            "start": {
              "line": 43,
              "column": 7
            },
            "end": {
              "line": 43,
              "column": 33
            }
          },
          {
            "start": {
              "line": 44,
              "column": 8
            },
            "end": {
              "line": 59,
              "column": 11
            }
          }
        ],
        "line": 43
      },
      "3": {
        "loc": {
          "start": {
            "line": 48,
            "column": 16
          },
          "end": {
            "line": 48,
            "column": 95
          }
        },
        "type": "cond-expr",
        "locations": [
          {
            "start": {
              "line": 48,
              "column": 57
            },
            "end": {
              "line": 48,
              "column": 82
            }
          },
          {
            "start": {
              "line": 48,
              "column": 85
            },
            "end": {
              "line": 48,
              "column": 95
            }
          }
        ],
        "line": 48
      },
      "4": {
        "loc": {
          "start": {
            "line": 61,
            "column": 7
          },
          "end": {
            "line": 72,
            "column": 7
          }
        },
        "type": "binary-expr",
        "locations": [
          {
            "start": {
              "line": 61,
              "column": 7
            },
            "end": {
              "line": 61,
              "column": 35
            }
          },
          {
            "start": {
              "line": 62,
              "column": 8
            },
            "end": {
              "line": 71,
              "column": 15
            }
          }
        ],
        "line": 61
      },
      "5": {
        "loc": {
          "start": {
            "line": 65,
            "column": 14
          },
          "end": {
            "line": 65,
            "column": 81
          }
        },
        "type": "cond-expr",
        "locations": [
          {
            "start": {
              "line": 65,
              "column": 43
            },
            "end": {
              "line": 65,
              "column": 68
            }
          },
          {
            "start": {
              "line": 65,
              "column": 71
            },
            "end": {
              "line": 65,
              "column": 81
            }
          }
        ],
        "line": 65
      }
    },
    "s": {
      "0": 372,
      "1": 152,
      "2": 152,
      "3": 2
    },
    "f": {
      "0": 372,
      "1": 152,
      "2": 2
    },
    "b": {
      "0": [
        64,
        88
      ],
      "1": [
        20,
        132
      ],
      "2": [
        152,
        22
      ],
      "3": [
        4,
        18
      ],
      "4": [
        152,
        46
      ],
      "5": [
        12,
        34
      ]
    },
    "_coverageSchema": "1a1c01bbd47fc00a2c39e90264f33305004495a9",
    "hash": "aa065c19dd2c11c7d61f7524a68fb2140ff274ac"
  },
  "/Users/danielkirkwood/code/pycode/components/Navbar/NavMobile.tsx": {
    "path": "/Users/danielkirkwood/code/pycode/components/Navbar/NavMobile.tsx",
    "statementMap": {
      "0": {
        "start": {
          "line": 7,
          "column": 2
        },
        "end": {
          "line": 7,
          "column": 30
        }
      },
      "1": {
        "start": {
          "line": 15,
          "column": 17
        },
        "end": {
          "line": 15,
          "column": 28
        }
      },
      "2": {
        "start": {
          "line": 16,
          "column": 2
        },
        "end": {
          "line": 64,
          "column": 3
        }
      },
      "3": {
        "start": {
          "line": 47,
          "column": 33
        },
        "end": {
          "line": 47,
          "column": 61
        }
      }
    },
    "fnMap": {
      "0": {
        "name": "isActive",
        "decl": {
          "start": {
            "line": 6,
            "column": 9
          },
          "end": {
            "line": 6,
            "column": 17
          }
        },
        "loc": {
          "start": {
            "line": 6,
            "column": 48
          },
          "end": {
            "line": 8,
            "column": 1
          }
        },
        "line": 6
      },
      "1": {
        "name": "NavMobile",
        "decl": {
          "start": {
            "line": 14,
            "column": 24
          },
          "end": {
            "line": 14,
            "column": 33
          }
        },
        "loc": {
          "start": {
            "line": 14,
            "column": 66
          },
          "end": {
            "line": 65,
            "column": 1
          }
        },
        "line": 14
      },
      "2": {
        "name": "(anonymous_2)",
        "decl": {
          "start": {
            "line": 47,
            "column": 27
          },
          "end": {
            "line": 47,
            "column": 28
          }
        },
        "loc": {
          "start": {
            "line": 47,
            "column": 33
          },
          "end": {
            "line": 47,
            "column": 61
          }
        },
        "line": 47
      }
    },
    "branchMap": {
      "0": {
        "loc": {
          "start": {
            "line": 21,
            "column": 12
          },
          "end": {
            "line": 21,
            "column": 75
          }
        },
        "type": "cond-expr",
        "locations": [
          {
            "start": {
              "line": 21,
              "column": 36
            },
            "end": {
              "line": 21,
              "column": 62
            }
          },
          {
            "start": {
              "line": 21,
              "column": 65
            },
            "end": {
              "line": 21,
              "column": 75
            }
          }
        ],
        "line": 21
      },
      "1": {
        "loc": {
          "start": {
            "line": 30,
            "column": 12
          },
          "end": {
            "line": 30,
            "column": 85
          }
        },
        "type": "cond-expr",
        "locations": [
          {
            "start": {
              "line": 30,
              "column": 46
            },
            "end": {
              "line": 30,
              "column": 72
            }
          },
          {
            "start": {
              "line": 30,
              "column": 75
            },
            "end": {
              "line": 30,
              "column": 85
            }
          }
        ],
        "line": 30
      },
      "2": {
        "loc": {
          "start": {
            "line": 36,
            "column": 7
          },
          "end": {
            "line": 51,
            "column": 7
          }
        },
        "type": "binary-expr",
        "locations": [
          {
            "start": {
              "line": 36,
              "column": 7
            },
            "end": {
              "line": 36,
              "column": 33
            }
          },
          {
            "start": {
              "line": 37,
              "column": 8
            },
            "end": {
              "line": 50,
              "column": 11
            }
          }
        ],
        "line": 36
      },
      "3": {
        "loc": {
          "start": {
            "line": 41,
            "column": 16
          },
          "end": {
            "line": 41,
            "column": 96
          }
        },
        "type": "cond-expr",
        "locations": [
          {
            "start": {
              "line": 41,
              "column": 57
            },
            "end": {
              "line": 41,
              "column": 83
            }
          },
          {
            "start": {
              "line": 41,
              "column": 86
            },
            "end": {
              "line": 41,
              "column": 96
            }
          }
        ],
        "line": 41
      },
      "4": {
        "loc": {
          "start": {
            "line": 52,
            "column": 7
          },
          "end": {
            "line": 62,
            "column": 7
          }
        },
        "type": "binary-expr",
        "locations": [
          {
            "start": {
              "line": 52,
              "column": 7
            },
            "end": {
              "line": 52,
              "column": 35
            }
          },
          {
            "start": {
              "line": 53,
              "column": 8
            },
            "end": {
              "line": 61,
              "column": 15
            }
          }
        ],
        "line": 52
      },
      "5": {
        "loc": {
          "start": {
            "line": 56,
            "column": 14
          },
          "end": {
            "line": 56,
            "column": 82
          }
        },
        "type": "cond-expr",
        "locations": [
          {
            "start": {
              "line": 56,
              "column": 43
            },
            "end": {
              "line": 56,
              "column": 69
            }
          },
          {
            "start": {
              "line": 56,
              "column": 72
            },
            "end": {
              "line": 56,
              "column": 82
            }
          }
        ],
        "line": 56
      }
    },
    "s": {
      "0": 28,
      "1": 12,
      "2": 12,
      "3": 0
    },
    "f": {
      "0": 28,
      "1": 12,
      "2": 0
    },
    "b": {
      "0": [
        12,
        0
      ],
      "1": [
        0,
        12
      ],
      "2": [
        12,
        0
      ],
      "3": [
        0,
        0
      ],
      "4": [
        12,
        4
      ],
      "5": [
        0,
        4
      ]
    },
    "_coverageSchema": "1a1c01bbd47fc00a2c39e90264f33305004495a9",
    "hash": "3bee4becd84baca35a133ad3313c42abb5ab4f2a"
  },
  "/Users/danielkirkwood/code/pycode/components/Navbar/Navbar.tsx": {
    "path": "/Users/danielkirkwood/code/pycode/components/Navbar/Navbar.tsx",
    "statementMap": {
      "0": {
        "start": {
          "line": 12,
          "column": 34
        },
        "end": {
          "line": 12,
          "column": 49
        }
      },
      "1": {
        "start": {
          "line": 13,
          "column": 2
        },
        "end": {
          "line": 31,
          "column": 3
        }
      },
      "2": {
        "start": {
          "line": 23,
          "column": 25
        },
        "end": {
          "line": 23,
          "column": 47
        }
      }
    },
    "fnMap": {
      "0": {
        "name": "Navbar",
        "decl": {
          "start": {
            "line": 11,
            "column": 9
          },
          "end": {
            "line": 11,
            "column": 15
          }
        },
        "loc": {
          "start": {
            "line": 11,
            "column": 48
          },
          "end": {
            "line": 32,
            "column": 1
          }
        },
        "line": 11
      },
      "1": {
        "name": "(anonymous_1)",
        "decl": {
          "start": {
            "line": 23,
            "column": 19
          },
          "end": {
            "line": 23,
            "column": 20
          }
        },
        "loc": {
          "start": {
            "line": 23,
            "column": 25
          },
          "end": {
            "line": 23,
            "column": 47
          }
        },
        "line": 23
      }
    },
    "branchMap": {
      "0": {
        "loc": {
          "start": {
            "line": 29,
            "column": 69
          },
          "end": {
            "line": 29,
            "column": 110
          }
        },
        "type": "binary-expr",
        "locations": [
          {
            "start": {
              "line": 29,
              "column": 69
            },
            "end": {
              "line": 29,
              "column": 77
            }
          },
          {
            "start": {
              "line": 29,
              "column": 81
            },
            "end": {
              "line": 29,
              "column": 110
            }
          }
        ],
        "line": 29
      }
    },
    "s": {
      "0": 152,
      "1": 152,
      "2": 2
    },
    "f": {
      "0": 152,
      "1": 2
    },
    "b": {
      "0": [
        152,
        12
      ]
    },
    "_coverageSchema": "1a1c01bbd47fc00a2c39e90264f33305004495a9",
    "hash": "a38e4c249e07d5aab7681bd306eb7d8e03982cba"
  },
  "/Users/danielkirkwood/code/pycode/components/Layout.tsx": {
    "path": "/Users/danielkirkwood/code/pycode/components/Layout.tsx",
    "statementMap": {
      "0": {
        "start": {
          "line": 6,
          "column": 21
        },
        "end": {
          "line": 6,
          "column": 33
        }
      },
      "1": {
        "start": {
          "line": 7,
          "column": 2
        },
        "end": {
          "line": 13,
          "column": 3
        }
      }
    },
    "fnMap": {
      "0": {
        "name": "Layout",
        "decl": {
          "start": {
            "line": 5,
            "column": 24
          },
          "end": {
            "line": 5,
            "column": 30
          }
        },
        "loc": {
          "start": {
            "line": 5,
            "column": 45
          },
          "end": {
            "line": 14,
            "column": 1
          }
        },
        "line": 5
      }
    },
    "branchMap": {},
    "s": {
      "0": 148,
      "1": 148
    },
    "f": {
      "0": 148
    },
    "b": {},
    "_coverageSchema": "1a1c01bbd47fc00a2c39e90264f33305004495a9",
    "hash": "d583c6abb8de1bf4da5ba50eff68bcfe1b40999a"
  },
  "/Users/danielkirkwood/code/pycode/pages/_app.tsx": {
    "path": "/Users/danielkirkwood/code/pycode/pages/_app.tsx",
    "statementMap": {
      "0": {
        "start": {
          "line": 9,
          "column": 2
        },
        "end": {
          "line": 17,
          "column": 3
        }
      }
    },
    "fnMap": {
      "0": {
        "name": "MyApp",
        "decl": {
          "start": {
            "line": 8,
            "column": 9
          },
          "end": {
            "line": 8,
            "column": 14
          }
        },
        "loc": {
          "start": {
            "line": 8,
            "column": 78
          },
          "end": {
            "line": 18,
            "column": 1
          }
        },
        "line": 8
      }
    },
    "branchMap": {},
    "s": {
      "0": 62
    },
    "f": {
      "0": 62
    },
    "b": {},
    "_coverageSchema": "1a1c01bbd47fc00a2c39e90264f33305004495a9",
    "hash": "5b7400d68feba4c92606a6fa347b04f6938e71a2"
  },
  "/Users/danielkirkwood/code/pycode/components/ChallengeCard/ChallengeCard.tsx": {
    "path": "/Users/danielkirkwood/code/pycode/components/ChallengeCard/ChallengeCard.tsx",
    "statementMap": {
      "0": {
        "start": {
          "line": 10,
          "column": 22
        },
        "end": {
          "line": 28,
          "column": 1
        }
      },
      "1": {
        "start": {
          "line": 11,
          "column": 2
        },
        "end": {
          "line": 27,
          "column": 3
        }
      }
    },
    "fnMap": {
      "0": {
        "name": "(anonymous_0)",
        "decl": {
          "start": {
            "line": 10,
            "column": 22
          },
          "end": {
            "line": 10,
            "column": 23
          }
        },
        "loc": {
          "start": {
            "line": 10,
            "column": 40
          },
          "end": {
            "line": 28,
            "column": 1
          }
        },
        "line": 10
      }
    },
    "branchMap": {},
    "s": {
      "0": 6,
      "1": 24
    },
    "f": {
      "0": 24
    },
    "b": {},
    "_coverageSchema": "1a1c01bbd47fc00a2c39e90264f33305004495a9",
    "hash": "6e6d96f92d7a9b6eab0580da278bb2e28b596817"
  },
  "/Users/danielkirkwood/code/pycode/components/ChallengeList/ChallengeList.tsx": {
    "path": "/Users/danielkirkwood/code/pycode/components/ChallengeList/ChallengeList.tsx",
    "statementMap": {
      "0": {
        "start": {
          "line": 14,
          "column": 22
        },
        "end": {
          "line": 29,
          "column": 1
        }
      },
      "1": {
        "start": {
          "line": 15,
          "column": 2
        },
        "end": {
          "line": 28,
          "column": 3
        }
      },
      "2": {
        "start": {
          "line": 19,
          "column": 10
        },
        "end": {
          "line": 24,
          "column": 12
        }
      }
    },
    "fnMap": {
      "0": {
        "name": "(anonymous_0)",
        "decl": {
          "start": {
            "line": 14,
            "column": 22
          },
          "end": {
            "line": 14,
            "column": 23
          }
        },
        "loc": {
          "start": {
            "line": 14,
            "column": 43
          },
          "end": {
            "line": 29,
            "column": 1
          }
        },
        "line": 14
      },
      "1": {
        "name": "(anonymous_1)",
        "decl": {
          "start": {
            "line": 18,
            "column": 18
          },
          "end": {
            "line": 18,
            "column": 19
          }
        },
        "loc": {
          "start": {
            "line": 19,
            "column": 10
          },
          "end": {
            "line": 24,
            "column": 12
          }
        },
        "line": 19
      }
    },
    "branchMap": {},
    "s": {
      "0": 6,
      "1": 8,
      "2": 24
    },
    "f": {
      "0": 8,
      "1": 24
    },
    "b": {},
    "_coverageSchema": "1a1c01bbd47fc00a2c39e90264f33305004495a9",
    "hash": "475459ca429754c91334a2e675492f1fab914829"
  },
  "/Users/danielkirkwood/code/pycode/components/Pagination/Pagination.tsx": {
    "path": "/Users/danielkirkwood/code/pycode/components/Pagination/Pagination.tsx",
    "statementMap": {
      "0": {
        "start": {
          "line": 13,
          "column": 2
        },
        "end": {
          "line": 39,
          "column": 3
        }
      },
      "1": {
        "start": {
          "line": 23,
          "column": 25
        },
        "end": {
          "line": 23,
          "column": 61
        }
      },
      "2": {
        "start": {
          "line": 31,
          "column": 25
        },
        "end": {
          "line": 31,
          "column": 61
        }
      }
    },
    "fnMap": {
      "0": {
        "name": "Pagination",
        "decl": {
          "start": {
            "line": 12,
            "column": 9
          },
          "end": {
            "line": 12,
            "column": 19
          }
        },
        "loc": {
          "start": {
            "line": 12,
            "column": 111
          },
          "end": {
            "line": 40,
            "column": 1
          }
        },
        "line": 12
      },
      "1": {
        "name": "(anonymous_1)",
        "decl": {
          "start": {
            "line": 23,
            "column": 19
          },
          "end": {
            "line": 23,
            "column": 20
          }
        },
        "loc": {
          "start": {
            "line": 23,
            "column": 25
          },
          "end": {
            "line": 23,
            "column": 61
          }
        },
        "line": 23
      },
      "2": {
        "name": "(anonymous_2)",
        "decl": {
          "start": {
            "line": 31,
            "column": 19
          },
          "end": {
            "line": 31,
            "column": 20
          }
        },
        "loc": {
          "start": {
            "line": 31,
            "column": 25
          },
          "end": {
            "line": 31,
            "column": 61
          }
        },
        "line": 31
      }
    },
    "branchMap": {
      "0": {
        "loc": {
          "start": {
            "line": 16,
            "column": 9
          },
          "end": {
            "line": 18,
            "column": 33
          }
        },
        "type": "cond-expr",
        "locations": [
          {
            "start": {
              "line": 17,
              "column": 12
            },
            "end": {
              "line": 17,
              "column": 102
            }
          },
          {
            "start": {
              "line": 18,
              "column": 12
            },
            "end": {
              "line": 18,
              "column": 33
            }
          }
        ],
        "line": 16
      },
      "1": {
        "loc": {
          "start": {
            "line": 22,
            "column": 20
          },
          "end": {
            "line": 22,
            "column": 53
          }
        },
        "type": "cond-expr",
        "locations": [
          {
            "start": {
              "line": 22,
              "column": 41
            },
            "end": {
              "line": 22,
              "column": 45
            }
          },
          {
            "start": {
              "line": 22,
              "column": 48
            },
            "end": {
              "line": 22,
              "column": 53
            }
          }
        ],
        "line": 22
      },
      "2": {
        "loc": {
          "start": {
            "line": 30,
            "column": 20
          },
          "end": {
            "line": 30,
            "column": 64
          }
        },
        "type": "cond-expr",
        "locations": [
          {
            "start": {
              "line": 30,
              "column": 52
            },
            "end": {
              "line": 30,
              "column": 56
            }
          },
          {
            "start": {
              "line": 30,
              "column": 59
            },
            "end": {
              "line": 30,
              "column": 64
            }
          }
        ],
        "line": 30
      }
    },
    "s": {
      "0": 8,
      "1": 0,
      "2": 0
    },
    "f": {
      "0": 8,
      "1": 0,
      "2": 0
    },
    "b": {
      "0": [
        8,
        0
      ],
      "1": [
        8,
        0
      ],
      "2": [
        8,
        0
      ]
    },
    "_coverageSchema": "1a1c01bbd47fc00a2c39e90264f33305004495a9",
    "hash": "153b8d6ffb5ddc7ae43754188e66b3ef965a4666"
  },
  "/Users/danielkirkwood/code/pycode/components/SkeletonChallengeList.tsx": {
    "path": "/Users/danielkirkwood/code/pycode/components/SkeletonChallengeList.tsx",
    "statementMap": {
      "0": {
        "start": {
          "line": 7,
          "column": 30
        },
        "end": {
          "line": 29,
          "column": 1
        }
      },
      "1": {
        "start": {
          "line": 8,
          "column": 16
        },
        "end": {
          "line": 8,
          "column": 18
        }
      },
      "2": {
        "start": {
          "line": 9,
          "column": 2
        },
        "end": {
          "line": 26,
          "column": 3
        }
      },
      "3": {
        "start": {
          "line": 9,
          "column": 19
        },
        "end": {
          "line": 9,
          "column": 20
        }
      },
      "4": {
        "start": {
          "line": 10,
          "column": 4
        },
        "end": {
          "line": 25,
          "column": 5
        }
      },
      "5": {
        "start": {
          "line": 28,
          "column": 2
        },
        "end": {
          "line": 28,
          "column": 21
        }
      }
    },
    "fnMap": {
      "0": {
        "name": "(anonymous_0)",
        "decl": {
          "start": {
            "line": 7,
            "column": 30
          },
          "end": {
            "line": 7,
            "column": 31
          }
        },
        "loc": {
          "start": {
            "line": 7,
            "column": 60
          },
          "end": {
            "line": 29,
            "column": 1
          }
        },
        "line": 7
      }
    },
    "branchMap": {},
    "s": {
      "0": 6,
      "1": 12,
      "2": 12,
      "3": 12,
      "4": 240,
      "5": 12
    },
    "f": {
      "0": 12
    },
    "b": {},
    "_coverageSchema": "1a1c01bbd47fc00a2c39e90264f33305004495a9",
    "hash": "52e1a5d9b591f4af7a06f6aee2d4e2b1616f6ec1"
  },
  "/Users/danielkirkwood/code/pycode/pages/challenges/index.tsx": {
    "path": "/Users/danielkirkwood/code/pycode/pages/challenges/index.tsx",
    "statementMap": {
      "0": {
        "start": {
          "line": 8,
          "column": 29
        },
        "end": {
          "line": 38,
          "column": 1
        }
      },
      "1": {
        "start": {
          "line": 9,
          "column": 18
        },
        "end": {
          "line": 9,
          "column": 38
        }
      },
      "2": {
        "start": {
          "line": 10,
          "column": 26
        },
        "end": {
          "line": 10,
          "column": 45
        }
      },
      "3": {
        "start": {
          "line": 12,
          "column": 18
        },
        "end": {
          "line": 12,
          "column": 71
        }
      },
      "4": {
        "start": {
          "line": 12,
          "column": 35
        },
        "end": {
          "line": 12,
          "column": 71
        }
      },
      "5": {
        "start": {
          "line": 12,
          "column": 60
        },
        "end": {
          "line": 12,
          "column": 70
        }
      },
      "6": {
        "start": {
          "line": 13,
          "column": 26
        },
        "end": {
          "line": 13,
          "column": 88
        }
      },
      "7": {
        "start": {
          "line": 16,
          "column": 4
        },
        "end": {
          "line": 16,
          "column": 14
        }
      },
      "8": {
        "start": {
          "line": 19,
          "column": 2
        },
        "end": {
          "line": 37,
          "column": 3
        }
      }
    },
    "fnMap": {
      "0": {
        "name": "(anonymous_0)",
        "decl": {
          "start": {
            "line": 8,
            "column": 29
          },
          "end": {
            "line": 8,
            "column": 30
          }
        },
        "loc": {
          "start": {
            "line": 8,
            "column": 35
          },
          "end": {
            "line": 38,
            "column": 1
          }
        },
        "line": 8
      },
      "1": {
        "name": "(anonymous_1)",
        "decl": {
          "start": {
            "line": 12,
            "column": 18
          },
          "end": {
            "line": 12,
            "column": 19
          }
        },
        "loc": {
          "start": {
            "line": 12,
            "column": 35
          },
          "end": {
            "line": 12,
            "column": 71
          }
        },
        "line": 12
      },
      "2": {
        "name": "(anonymous_2)",
        "decl": {
          "start": {
            "line": 12,
            "column": 51
          },
          "end": {
            "line": 12,
            "column": 52
          }
        },
        "loc": {
          "start": {
            "line": 12,
            "column": 60
          },
          "end": {
            "line": 12,
            "column": 70
          }
        },
        "line": 12
      },
      "3": {
        "name": "onSkipBtnClick",
        "decl": {
          "start": {
            "line": 15,
            "column": 11
          },
          "end": {
            "line": 15,
            "column": 25
          }
        },
        "loc": {
          "start": {
            "line": 15,
            "column": 43
          },
          "end": {
            "line": 17,
            "column": 3
          }
        },
        "line": 15
      }
    },
    "branchMap": {
      "0": {
        "loc": {
          "start": {
            "line": 21,
            "column": 7
          },
          "end": {
            "line": 21,
            "column": 39
          }
        },
        "type": "binary-expr",
        "locations": [
          {
            "start": {
              "line": 21,
              "column": 7
            },
            "end": {
              "line": 21,
              "column": 12
            }
          },
          {
            "start": {
              "line": 21,
              "column": 16
            },
            "end": {
              "line": 21,
              "column": 39
            }
          }
        ],
        "line": 21
      },
      "1": {
        "loc": {
          "start": {
            "line": 22,
            "column": 7
          },
          "end": {
            "line": 22,
            "column": 63
          }
        },
        "type": "binary-expr",
        "locations": [
          {
            "start": {
              "line": 22,
              "column": 7
            },
            "end": {
              "line": 22,
              "column": 12
            }
          },
          {
            "start": {
              "line": 22,
              "column": 16
            },
            "end": {
              "line": 22,
              "column": 63
            }
          }
        ],
        "line": 22
      },
      "2": {
        "loc": {
          "start": {
            "line": 23,
            "column": 7
          },
          "end": {
            "line": 35,
            "column": 7
          }
        },
        "type": "binary-expr",
        "locations": [
          {
            "start": {
              "line": 23,
              "column": 7
            },
            "end": {
              "line": 23,
              "column": 11
            }
          },
          {
            "start": {
              "line": 24,
              "column": 8
            },
            "end": {
              "line": 34,
              "column": 11
            }
          }
        ],
        "line": 23
      }
    },
    "s": {
      "0": 6,
      "1": 20,
      "2": 20,
      "3": 20,
      "4": 6,
      "5": 6,
      "6": 20,
      "7": 0,
      "8": 20
    },
    "f": {
      "0": 20,
      "1": 6,
      "2": 6,
      "3": 0
    },
    "b": {
      "0": [
        20,
        0
      ],
      "1": [
        20,
        12
      ],
      "2": [
        20,
        8
      ]
    },
    "_coverageSchema": "1a1c01bbd47fc00a2c39e90264f33305004495a9",
    "hash": "58829642284af49659e94892a11aeb929ba41359"
  },
  "/Users/danielkirkwood/code/pycode/components/SaveButton.tsx": {
    "path": "/Users/danielkirkwood/code/pycode/components/SaveButton.tsx",
    "statementMap": {
      "0": {
        "start": {
          "line": 17,
          "column": 19
        },
        "end": {
          "line": 52,
          "column": 1
        }
      },
      "1": {
        "start": {
          "line": 19,
          "column": 2
        },
        "end": {
          "line": 43,
          "column": 3
        }
      },
      "2": {
        "start": {
          "line": 21,
          "column": 6
        },
        "end": {
          "line": 21,
          "column": 34
        }
      },
      "3": {
        "start": {
          "line": 22,
          "column": 6
        },
        "end": {
          "line": 22,
          "column": 11
        }
      },
      "4": {
        "start": {
          "line": 24,
          "column": 6
        },
        "end": {
          "line": 28,
          "column": 7
        }
      },
      "5": {
        "start": {
          "line": 29,
          "column": 6
        },
        "end": {
          "line": 29,
          "column": 11
        }
      },
      "6": {
        "start": {
          "line": 31,
          "column": 6
        },
        "end": {
          "line": 35,
          "column": 7
        }
      },
      "7": {
        "start": {
          "line": 36,
          "column": 6
        },
        "end": {
          "line": 36,
          "column": 11
        }
      },
      "8": {
        "start": {
          "line": 38,
          "column": 6
        },
        "end": {
          "line": 38,
          "column": 50
        }
      },
      "9": {
        "start": {
          "line": 39,
          "column": 6
        },
        "end": {
          "line": 39,
          "column": 11
        }
      },
      "10": {
        "start": {
          "line": 41,
          "column": 6
        },
        "end": {
          "line": 41,
          "column": 22
        }
      },
      "11": {
        "start": {
          "line": 42,
          "column": 6
        },
        "end": {
          "line": 42,
          "column": 11
        }
      },
      "12": {
        "start": {
          "line": 44,
          "column": 2
        },
        "end": {
          "line": 51,
          "column": 3
        }
      }
    },
    "fnMap": {
      "0": {
        "name": "(anonymous_0)",
        "decl": {
          "start": {
            "line": 17,
            "column": 19
          },
          "end": {
            "line": 17,
            "column": 20
          }
        },
        "loc": {
          "start": {
            "line": 17,
            "column": 75
          },
          "end": {
            "line": 52,
            "column": 1
          }
        },
        "line": 17
      }
    },
    "branchMap": {
      "0": {
        "loc": {
          "start": {
            "line": 19,
            "column": 2
          },
          "end": {
            "line": 43,
            "column": 3
          }
        },
        "type": "switch",
        "locations": [
          {
            "start": {
              "line": 20,
              "column": 4
            },
            "end": {
              "line": 22,
              "column": 11
            }
          },
          {
            "start": {
              "line": 23,
              "column": 4
            },
            "end": {
              "line": 29,
              "column": 11
            }
          },
          {
            "start": {
              "line": 30,
              "column": 4
            },
            "end": {
              "line": 36,
              "column": 11
            }
          },
          {
            "start": {
              "line": 37,
              "column": 4
            },
            "end": {
              "line": 39,
              "column": 11
            }
          },
          {
            "start": {
              "line": 40,
              "column": 4
            },
            "end": {
              "line": 42,
              "column": 11
            }
          }
        ],
        "line": 19
      }
    },
    "s": {
      "0": 2,
      "1": 32,
      "2": 0,
      "3": 0,
      "4": 0,
      "5": 0,
      "6": 0,
      "7": 0,
      "8": 32,
      "9": 32,
      "10": 0,
      "11": 0,
      "12": 32
    },
    "f": {
      "0": 32
    },
    "b": {
      "0": [
        0,
        0,
        0,
        32,
        0
      ]
    },
    "_coverageSchema": "1a1c01bbd47fc00a2c39e90264f33305004495a9",
    "hash": "3c29cd71036b94cb38dc5a7c2eeee174b23f90ed"
  },
  "/Users/danielkirkwood/code/pycode/components/TestAccordion.tsx": {
    "path": "/Users/danielkirkwood/code/pycode/components/TestAccordion.tsx",
    "statementMap": {
      "0": {
        "start": {
          "line": 16,
          "column": 22
        },
        "end": {
          "line": 132,
          "column": 1
        }
      },
      "1": {
        "start": {
          "line": 17,
          "column": 26
        },
        "end": {
          "line": 17,
          "column": 67
        }
      },
      "2": {
        "start": {
          "line": 18,
          "column": 32
        },
        "end": {
          "line": 18,
          "column": 47
        }
      },
      "3": {
        "start": {
          "line": 19,
          "column": 30
        },
        "end": {
          "line": 19,
          "column": 112
        }
      },
      "4": {
        "start": {
          "line": 20,
          "column": 28
        },
        "end": {
          "line": 20,
          "column": 40
        }
      },
      "5": {
        "start": {
          "line": 21,
          "column": 32
        },
        "end": {
          "line": 21,
          "column": 47
        }
      },
      "6": {
        "start": {
          "line": 23,
          "column": 22
        },
        "end": {
          "line": 57,
          "column": 3
        }
      },
      "7": {
        "start": {
          "line": 24,
          "column": 4
        },
        "end": {
          "line": 24,
          "column": 16
        }
      },
      "8": {
        "start": {
          "line": 25,
          "column": 4
        },
        "end": {
          "line": 25,
          "column": 17
        }
      },
      "9": {
        "start": {
          "line": 26,
          "column": 4
        },
        "end": {
          "line": 26,
          "column": 21
        }
      },
      "10": {
        "start": {
          "line": 27,
          "column": 4
        },
        "end": {
          "line": 27,
          "column": 20
        }
      },
      "11": {
        "start": {
          "line": 28,
          "column": 22
        },
        "end": {
          "line": 28,
          "column": 24
        }
      },
      "12": {
        "start": {
          "line": 29,
          "column": 4
        },
        "end": {
          "line": 31,
          "column": 6
        }
      },
      "13": {
        "start": {
          "line": 30,
          "column": 6
        },
        "end": {
          "line": 30,
          "column": 47
        }
      },
      "14": {
        "start": {
          "line": 33,
          "column": 4
        },
        "end": {
          "line": 33,
          "column": 66
        }
      },
      "15": {
        "start": {
          "line": 35,
          "column": 26
        },
        "end": {
          "line": 35,
          "column": 82
        }
      },
      "16": {
        "start": {
          "line": 37,
          "column": 21
        },
        "end": {
          "line": 43,
          "column": 6
        }
      },
      "17": {
        "start": {
          "line": 44,
          "column": 17
        },
        "end": {
          "line": 44,
          "column": 38
        }
      },
      "18": {
        "start": {
          "line": 46,
          "column": 4
        },
        "end": {
          "line": 50,
          "column": 5
        }
      },
      "19": {
        "start": {
          "line": 47,
          "column": 6
        },
        "end": {
          "line": 47,
          "column": 43
        }
      },
      "20": {
        "start": {
          "line": 48,
          "column": 6
        },
        "end": {
          "line": 48,
          "column": 23
        }
      },
      "21": {
        "start": {
          "line": 49,
          "column": 6
        },
        "end": {
          "line": 49,
          "column": 12
        }
      },
      "22": {
        "start": {
          "line": 51,
          "column": 4
        },
        "end": {
          "line": 56,
          "column": 5
        }
      },
      "23": {
        "start": {
          "line": 52,
          "column": 6
        },
        "end": {
          "line": 52,
          "column": 22
        }
      },
      "24": {
        "start": {
          "line": 53,
          "column": 6
        },
        "end": {
          "line": 53,
          "column": 44
        }
      },
      "25": {
        "start": {
          "line": 54,
          "column": 6
        },
        "end": {
          "line": 54,
          "column": 23
        }
      },
      "26": {
        "start": {
          "line": 55,
          "column": 6
        },
        "end": {
          "line": 55,
          "column": 12
        }
      },
      "27": {
        "start": {
          "line": 59,
          "column": 2
        },
        "end": {
          "line": 131,
          "column": 3
        }
      },
      "28": {
        "start": {
          "line": 63,
          "column": 10
        },
        "end": {
          "line": 63,
          "column": 29
        }
      },
      "29": {
        "start": {
          "line": 64,
          "column": 10
        },
        "end": {
          "line": 64,
          "column": 23
        }
      },
      "30": {
        "start": {
          "line": 90,
          "column": 23
        },
        "end": {
          "line": 90,
          "column": 37
        }
      },
      "31": {
        "start": {
          "line": 111,
          "column": 12
        },
        "end": {
          "line": 115,
          "column": 13
        }
      }
    },
    "fnMap": {
      "0": {
        "name": "(anonymous_0)",
        "decl": {
          "start": {
            "line": 16,
            "column": 22
          },
          "end": {
            "line": 16,
            "column": 23
          }
        },
        "loc": {
          "start": {
            "line": 16,
            "column": 79
          },
          "end": {
            "line": 132,
            "column": 1
          }
        },
        "line": 16
      },
      "1": {
        "name": "(anonymous_1)",
        "decl": {
          "start": {
            "line": 23,
            "column": 22
          },
          "end": {
            "line": 23,
            "column": 23
          }
        },
        "loc": {
          "start": {
            "line": 23,
            "column": 34
          },
          "end": {
            "line": 57,
            "column": 3
          }
        },
        "line": 23
      },
      "2": {
        "name": "(anonymous_2)",
        "decl": {
          "start": {
            "line": 29,
            "column": 19
          },
          "end": {
            "line": 29,
            "column": 20
          }
        },
        "loc": {
          "start": {
            "line": 29,
            "column": 33
          },
          "end": {
            "line": 31,
            "column": 5
          }
        },
        "line": 29
      },
      "3": {
        "name": "(anonymous_3)",
        "decl": {
          "start": {
            "line": 62,
            "column": 17
          },
          "end": {
            "line": 62,
            "column": 18
          }
        },
        "loc": {
          "start": {
            "line": 62,
            "column": 24
          },
          "end": {
            "line": 65,
            "column": 9
          }
        },
        "line": 62
      },
      "4": {
        "name": "(anonymous_4)",
        "decl": {
          "start": {
            "line": 90,
            "column": 17
          },
          "end": {
            "line": 90,
            "column": 18
          }
        },
        "loc": {
          "start": {
            "line": 90,
            "column": 23
          },
          "end": {
            "line": 90,
            "column": 37
          }
        },
        "line": 90
      },
      "5": {
        "name": "(anonymous_5)",
        "decl": {
          "start": {
            "line": 110,
            "column": 22
          },
          "end": {
            "line": 110,
            "column": 23
          }
        },
        "loc": {
          "start": {
            "line": 110,
            "column": 40
          },
          "end": {
            "line": 116,
            "column": 11
          }
        },
        "line": 110
      }
    },
    "branchMap": {
      "0": {
        "loc": {
          "start": {
            "line": 17,
            "column": 35
          },
          "end": {
            "line": 17,
            "column": 66
          }
        },
        "type": "cond-expr",
        "locations": [
          {
            "start": {
              "line": 17,
              "column": 54
            },
            "end": {
              "line": 17,
              "column": 58
            }
          },
          {
            "start": {
              "line": 17,
              "column": 61
            },
            "end": {
              "line": 17,
              "column": 66
            }
          }
        ],
        "line": 17
      },
      "1": {
        "loc": {
          "start": {
            "line": 46,
            "column": 4
          },
          "end": {
            "line": 50,
            "column": 5
          }
        },
        "type": "if",
        "locations": [
          {
            "start": {
              "line": 46,
              "column": 4
            },
            "end": {
              "line": 50,
              "column": 5
            }
          },
          {
            "start": {},
            "end": {}
          }
        ],
        "line": 46
      },
      "2": {
        "loc": {
          "start": {
            "line": 46,
            "column": 8
          },
          "end": {
            "line": 46,
            "column": 49
          }
        },
        "type": "binary-expr",
        "locations": [
          {
            "start": {
              "line": 46,
              "column": 8
            },
            "end": {
              "line": 46,
              "column": 20
            }
          },
          {
            "start": {
              "line": 46,
              "column": 24
            },
            "end": {
              "line": 46,
              "column": 49
            }
          }
        ],
        "line": 46
      },
      "3": {
        "loc": {
          "start": {
            "line": 51,
            "column": 4
          },
          "end": {
            "line": 56,
            "column": 5
          }
        },
        "type": "if",
        "locations": [
          {
            "start": {
              "line": 51,
              "column": 4
            },
            "end": {
              "line": 56,
              "column": 5
            }
          },
          {
            "start": {},
            "end": {}
          }
        ],
        "line": 51
      },
      "4": {
        "loc": {
          "start": {
            "line": 51,
            "column": 8
          },
          "end": {
            "line": 51,
            "column": 50
          }
        },
        "type": "binary-expr",
        "locations": [
          {
            "start": {
              "line": 51,
              "column": 8
            },
            "end": {
              "line": 51,
              "column": 20
            }
          },
          {
            "start": {
              "line": 51,
              "column": 24
            },
            "end": {
              "line": 51,
              "column": 50
            }
          }
        ],
        "line": 51
      },
      "5": {
        "loc": {
          "start": {
            "line": 68,
            "column": 12
          },
          "end": {
            "line": 68,
            "column": 78
          }
        },
        "type": "cond-expr",
        "locations": [
          {
            "start": {
              "line": 68,
              "column": 22
            },
            "end": {
              "line": 68,
              "column": 62
            }
          },
          {
            "start": {
              "line": 68,
              "column": 65
            },
            "end": {
              "line": 68,
              "column": 78
            }
          }
        ],
        "line": 68
      },
      "6": {
        "loc": {
          "start": {
            "line": 72,
            "column": 9
          },
          "end": {
            "line": 77,
            "column": 9
          }
        },
        "type": "binary-expr",
        "locations": [
          {
            "start": {
              "line": 72,
              "column": 9
            },
            "end": {
              "line": 72,
              "column": 16
            }
          },
          {
            "start": {
              "line": 73,
              "column": 10
            },
            "end": {
              "line": 76,
              "column": 13
            }
          }
        ],
        "line": 72
      },
      "7": {
        "loc": {
          "start": {
            "line": 78,
            "column": 9
          },
          "end": {
            "line": 83,
            "column": 9
          }
        },
        "type": "binary-expr",
        "locations": [
          {
            "start": {
              "line": 78,
              "column": 9
            },
            "end": {
              "line": 78,
              "column": 17
            }
          },
          {
            "start": {
              "line": 79,
              "column": 10
            },
            "end": {
              "line": 82,
              "column": 13
            }
          }
        ],
        "line": 78
      },
      "8": {
        "loc": {
          "start": {
            "line": 87,
            "column": 10
          },
          "end": {
            "line": 87,
            "column": 110
          }
        },
        "type": "cond-expr",
        "locations": [
          {
            "start": {
              "line": 87,
              "column": 17
            },
            "end": {
              "line": 87,
              "column": 59
            }
          },
          {
            "start": {
              "line": 87,
              "column": 62
            },
            "end": {
              "line": 87,
              "column": 110
            }
          }
        ],
        "line": 87
      },
      "9": {
        "loc": {
          "start": {
            "line": 94,
            "column": 11
          },
          "end": {
            "line": 94,
            "column": 88
          }
        },
        "type": "binary-expr",
        "locations": [
          {
            "start": {
              "line": 94,
              "column": 11
            },
            "end": {
              "line": 94,
              "column": 19
            }
          },
          {
            "start": {
              "line": 94,
              "column": 23
            },
            "end": {
              "line": 94,
              "column": 29
            }
          },
          {
            "start": {
              "line": 94,
              "column": 33
            },
            "end": {
              "line": 94,
              "column": 88
            }
          }
        ],
        "line": 94
      },
      "10": {
        "loc": {
          "start": {
            "line": 95,
            "column": 11
          },
          "end": {
            "line": 95,
            "column": 97
          }
        },
        "type": "binary-expr",
        "locations": [
          {
            "start": {
              "line": 95,
              "column": 11
            },
            "end": {
              "line": 95,
              "column": 18
            }
          },
          {
            "start": {
              "line": 95,
              "column": 22
            },
            "end": {
              "line": 95,
              "column": 97
            }
          }
        ],
        "line": 95
      },
      "11": {
        "loc": {
          "start": {
            "line": 96,
            "column": 11
          },
          "end": {
            "line": 96,
            "column": 93
          }
        },
        "type": "binary-expr",
        "locations": [
          {
            "start": {
              "line": 96,
              "column": 11
            },
            "end": {
              "line": 96,
              "column": 16
            }
          },
          {
            "start": {
              "line": 96,
              "column": 20
            },
            "end": {
              "line": 96,
              "column": 93
            }
          }
        ],
        "line": 96
      },
      "12": {
        "loc": {
          "start": {
            "line": 98,
            "column": 9
          },
          "end": {
            "line": 106,
            "column": 9
          }
        },
        "type": "cond-expr",
        "locations": [
          {
            "start": {
              "line": 99,
              "column": 10
            },
            "end": {
              "line": 101,
              "column": 12
            }
          },
          {
            "start": {
              "line": 103,
              "column": 10
            },
            "end": {
              "line": 105,
              "column": 12
            }
          }
        ],
        "line": 98
      },
      "13": {
        "loc": {
          "start": {
            "line": 100,
            "column": 52
          },
          "end": {
            "line": 100,
            "column": 75
          }
        },
        "type": "binary-expr",
        "locations": [
          {
            "start": {
              "line": 100,
              "column": 52
            },
            "end": {
              "line": 100,
              "column": 57
            }
          },
          {
            "start": {
              "line": 100,
              "column": 61
            },
            "end": {
              "line": 100,
              "column": 75
            }
          }
        ],
        "line": 100
      },
      "14": {
        "loc": {
          "start": {
            "line": 100,
            "column": 79
          },
          "end": {
            "line": 100,
            "column": 106
          }
        },
        "type": "binary-expr",
        "locations": [
          {
            "start": {
              "line": 100,
              "column": 79
            },
            "end": {
              "line": 100,
              "column": 86
            }
          },
          {
            "start": {
              "line": 100,
              "column": 90
            },
            "end": {
              "line": 100,
              "column": 106
            }
          }
        ],
        "line": 100
      },
      "15": {
        "loc": {
          "start": {
            "line": 104,
            "column": 52
          },
          "end": {
            "line": 104,
            "column": 75
          }
        },
        "type": "binary-expr",
        "locations": [
          {
            "start": {
              "line": 104,
              "column": 52
            },
            "end": {
              "line": 104,
              "column": 57
            }
          },
          {
            "start": {
              "line": 104,
              "column": 61
            },
            "end": {
              "line": 104,
              "column": 75
            }
          }
        ],
        "line": 104
      },
      "16": {
        "loc": {
          "start": {
            "line": 104,
            "column": 79
          },
          "end": {
            "line": 104,
            "column": 106
          }
        },
        "type": "binary-expr",
        "locations": [
          {
            "start": {
              "line": 104,
              "column": 79
            },
            "end": {
              "line": 104,
              "column": 86
            }
          },
          {
            "start": {
              "line": 104,
              "column": 90
            },
            "end": {
              "line": 104,
              "column": 106
            }
          }
        ],
        "line": 104
      },
      "17": {
        "loc": {
          "start": {
            "line": 108,
            "column": 7
          },
          "end": {
            "line": 129,
            "column": 7
          }
        },
        "type": "binary-expr",
        "locations": [
          {
            "start": {
              "line": 108,
              "column": 7
            },
            "end": {
              "line": 108,
              "column": 11
            }
          },
          {
            "start": {
              "line": 109,
              "column": 8
            },
            "end": {
              "line": 128,
              "column": 14
            }
          }
        ],
        "line": 108
      },
      "18": {
        "loc": {
          "start": {
            "line": 123,
            "column": 36
          },
          "end": {
            "line": 123,
            "column": 59
          }
        },
        "type": "binary-expr",
        "locations": [
          {
            "start": {
              "line": 123,
              "column": 36
            },
            "end": {
              "line": 123,
              "column": 41
            }
          },
          {
            "start": {
              "line": 123,
              "column": 45
            },
            "end": {
              "line": 123,
              "column": 59
            }
          }
        ],
        "line": 123
      },
      "19": {
        "loc": {
          "start": {
            "line": 124,
            "column": 13
          },
          "end": {
            "line": 124,
            "column": 53
          }
        },
        "type": "binary-expr",
        "locations": [
          {
            "start": {
              "line": 124,
              "column": 13
            },
            "end": {
              "line": 124,
              "column": 20
            }
          },
          {
            "start": {
              "line": 124,
              "column": 24
            },
            "end": {
              "line": 124,
              "column": 53
            }
          }
        ],
        "line": 124
      },
      "20": {
        "loc": {
          "start": {
            "line": 125,
            "column": 13
          },
          "end": {
            "line": 125,
            "column": 29
          }
        },
        "type": "binary-expr",
        "locations": [
          {
            "start": {
              "line": 125,
              "column": 13
            },
            "end": {
              "line": 125,
              "column": 19
            }
          },
          {
            "start": {
              "line": 125,
              "column": 23
            },
            "end": {
              "line": 125,
              "column": 29
            }
          }
        ],
        "line": 125
      },
      "21": {
        "loc": {
          "start": {
            "line": 126,
            "column": 13
          },
          "end": {
            "line": 126,
            "column": 27
          }
        },
        "type": "binary-expr",
        "locations": [
          {
            "start": {
              "line": 126,
              "column": 13
            },
            "end": {
              "line": 126,
              "column": 18
            }
          },
          {
            "start": {
              "line": 126,
              "column": 22
            },
            "end": {
              "line": 126,
              "column": 27
            }
          }
        ],
        "line": 126
      }
    },
    "s": {
      "0": 2,
      "1": 100,
      "2": 100,
      "3": 100,
      "4": 100,
      "5": 100,
      "6": 100,
      "7": 2,
      "8": 2,
      "9": 2,
      "10": 2,
      "11": 2,
      "12": 2,
      "13": 2,
      "14": 2,
      "15": 2,
      "16": 2,
      "17": 0,
      "18": 0,
      "19": 0,
      "20": 0,
      "21": 0,
      "22": 0,
      "23": 0,
      "24": 0,
      "25": 0,
      "26": 0,
      "27": 100,
      "28": 2,
      "29": 2,
      "30": 0,
      "31": 36
    },
    "f": {
      "0": 100,
      "1": 2,
      "2": 2,
      "3": 2,
      "4": 0,
      "5": 36
    },
    "b": {
      "0": [
        36,
        64
      ],
      "1": [
        0,
        0
      ],
      "2": [
        0,
        0
      ],
      "3": [
        0,
        0
      ],
      "4": [
        0,
        0
      ],
      "5": [
        4,
        96
      ],
      "6": [
        100,
        4
      ],
      "7": [
        100,
        96
      ],
      "8": [
        36,
        64
      ],
      "9": [
        100,
        100,
        100
      ],
      "10": [
        100,
        0
      ],
      "11": [
        100,
        0
      ],
      "12": [
        36,
        64
      ],
      "13": [
        36,
        0
      ],
      "14": [
        36,
        0
      ],
      "15": [
        64,
        0
      ],
      "16": [
        64,
        0
      ],
      "17": [
        100,
        36
      ],
      "18": [
        36,
        0
      ],
      "19": [
        36,
        0
      ],
      "20": [
        36,
        32
      ],
      "21": [
        36,
        0
      ]
    },
    "_coverageSchema": "1a1c01bbd47fc00a2c39e90264f33305004495a9",
    "hash": "f9eeb39fa17a0ae1367c66cfad56bcdf6f3beacd"
  },
  "/Users/danielkirkwood/code/pycode/components/CodeEditor.tsx": {
    "path": "/Users/danielkirkwood/code/pycode/components/CodeEditor.tsx",
    "statementMap": {
      "0": {
        "start": {
          "line": 28,
          "column": 19
        },
        "end": {
          "line": 34,
          "column": 1
        }
      },
      "1": {
        "start": {
          "line": 30,
          "column": 4
        },
        "end": {
          "line": 30,
          "column": 43
        }
      },
      "2": {
        "start": {
          "line": 31,
          "column": 4
        },
        "end": {
          "line": 31,
          "column": 37
        }
      },
      "3": {
        "start": {
          "line": 37,
          "column": 2
        },
        "end": {
          "line": 37,
          "column": 47
        }
      },
      "4": {
        "start": {
          "line": 41,
          "column": 23
        },
        "end": {
          "line": 41,
          "column": 48
        }
      },
      "5": {
        "start": {
          "line": 42,
          "column": 19
        },
        "end": {
          "line": 42,
          "column": 21
        }
      },
      "6": {
        "start": {
          "line": 43,
          "column": 2
        },
        "end": {
          "line": 45,
          "column": 4
        }
      },
      "7": {
        "start": {
          "line": 44,
          "column": 4
        },
        "end": {
          "line": 44,
          "column": 43
        }
      },
      "8": {
        "start": {
          "line": 46,
          "column": 2
        },
        "end": {
          "line": 46,
          "column": 61
        }
      },
      "9": {
        "start": {
          "line": 47,
          "column": 22
        },
        "end": {
          "line": 47,
          "column": 59
        }
      },
      "10": {
        "start": {
          "line": 48,
          "column": 2
        },
        "end": {
          "line": 48,
          "column": 20
        }
      },
      "11": {
        "start": {
          "line": 51,
          "column": 26
        },
        "end": {
          "line": 225,
          "column": 1
        }
      },
      "12": {
        "start": {
          "line": 53,
          "column": 36
        },
        "end": {
          "line": 53,
          "column": 48
        }
      },
      "13": {
        "start": {
          "line": 55,
          "column": 21
        },
        "end": {
          "line": 55,
          "column": 35
        }
      },
      "14": {
        "start": {
          "line": 57,
          "column": 26
        },
        "end": {
          "line": 60,
          "column": 4
        }
      },
      "15": {
        "start": {
          "line": 58,
          "column": 25
        },
        "end": {
          "line": 58,
          "column": 63
        }
      },
      "16": {
        "start": {
          "line": 59,
          "column": 4
        },
        "end": {
          "line": 59,
          "column": 23
        }
      },
      "17": {
        "start": {
          "line": 61,
          "column": 30
        },
        "end": {
          "line": 61,
          "column": 61
        }
      },
      "18": {
        "start": {
          "line": 62,
          "column": 42
        },
        "end": {
          "line": 62,
          "column": 54
        }
      },
      "19": {
        "start": {
          "line": 64,
          "column": 18
        },
        "end": {
          "line": 64,
          "column": 76
        }
      },
      "20": {
        "start": {
          "line": 64,
          "column": 40
        },
        "end": {
          "line": 64,
          "column": 76
        }
      },
      "21": {
        "start": {
          "line": 64,
          "column": 65
        },
        "end": {
          "line": 64,
          "column": 75
        }
      },
      "22": {
        "start": {
          "line": 65,
          "column": 19
        },
        "end": {
          "line": 65,
          "column": 112
        }
      },
      "23": {
        "start": {
          "line": 68,
          "column": 18
        },
        "end": {
          "line": 77,
          "column": 3
        }
      },
      "24": {
        "start": {
          "line": 79,
          "column": 4
        },
        "end": {
          "line": 79,
          "column": 36
        }
      },
      "25": {
        "start": {
          "line": 80,
          "column": 4
        },
        "end": {
          "line": 80,
          "column": 20
        }
      },
      "26": {
        "start": {
          "line": 84,
          "column": 4
        },
        "end": {
          "line": 96,
          "column": 5
        }
      },
      "27": {
        "start": {
          "line": 97,
          "column": 4
        },
        "end": {
          "line": 97,
          "column": 33
        }
      },
      "28": {
        "start": {
          "line": 99,
          "column": 21
        },
        "end": {
          "line": 105,
          "column": 6
        }
      },
      "29": {
        "start": {
          "line": 107,
          "column": 4
        },
        "end": {
          "line": 112,
          "column": 5
        }
      },
      "30": {
        "start": {
          "line": 108,
          "column": 6
        },
        "end": {
          "line": 108,
          "column": 34
        }
      },
      "31": {
        "start": {
          "line": 109,
          "column": 6
        },
        "end": {
          "line": 109,
          "column": 54
        }
      },
      "32": {
        "start": {
          "line": 111,
          "column": 6
        },
        "end": {
          "line": 111,
          "column": 12
        }
      },
      "33": {
        "start": {
          "line": 114,
          "column": 4
        },
        "end": {
          "line": 114,
          "column": 36
        }
      },
      "34": {
        "start": {
          "line": 115,
          "column": 4
        },
        "end": {
          "line": 115,
          "column": 52
        }
      },
      "35": {
        "start": {
          "line": 116,
          "column": 4
        },
        "end": {
          "line": 116,
          "column": 10
        }
      },
      "36": {
        "start": {
          "line": 120,
          "column": 21
        },
        "end": {
          "line": 126,
          "column": 6
        }
      },
      "37": {
        "start": {
          "line": 127,
          "column": 17
        },
        "end": {
          "line": 127,
          "column": 38
        }
      },
      "38": {
        "start": {
          "line": 129,
          "column": 4
        },
        "end": {
          "line": 131,
          "column": 5
        }
      },
      "39": {
        "start": {
          "line": 130,
          "column": 6
        },
        "end": {
          "line": 130,
          "column": 44
        }
      },
      "40": {
        "start": {
          "line": 134,
          "column": 2
        },
        "end": {
          "line": 224,
          "column": 3
        }
      },
      "41": {
        "start": {
          "line": 176,
          "column": 18
        },
        "end": {
          "line": 187,
          "column": 19
        }
      },
      "42": {
        "start": {
          "line": 192,
          "column": 18
        },
        "end": {
          "line": 202,
          "column": 19
        }
      },
      "43": {
        "start": {
          "line": 210,
          "column": 10
        },
        "end": {
          "line": 220,
          "column": 11
        }
      }
    },
    "fnMap": {
      "0": {
        "name": "(anonymous_0)",
        "decl": {
          "start": {
            "line": 29,
            "column": 2
          },
          "end": {
            "line": 29,
            "column": 3
          }
        },
        "loc": {
          "start": {
            "line": 29,
            "column": 8
          },
          "end": {
            "line": 32,
            "column": 3
          }
        },
        "line": 29
      },
      "1": {
        "name": "createFunctionName",
        "decl": {
          "start": {
            "line": 36,
            "column": 9
          },
          "end": {
            "line": 36,
            "column": 27
          }
        },
        "loc": {
          "start": {
            "line": 36,
            "column": 43
          },
          "end": {
            "line": 38,
            "column": 1
          }
        },
        "line": 36
      },
      "2": {
        "name": "createBoilerplate",
        "decl": {
          "start": {
            "line": 40,
            "column": 9
          },
          "end": {
            "line": 40,
            "column": 26
          }
        },
        "loc": {
          "start": {
            "line": 40,
            "column": 62
          },
          "end": {
            "line": 49,
            "column": 1
          }
        },
        "line": 40
      },
      "3": {
        "name": "(anonymous_3)",
        "decl": {
          "start": {
            "line": 43,
            "column": 26
          },
          "end": {
            "line": 43,
            "column": 27
          }
        },
        "loc": {
          "start": {
            "line": 43,
            "column": 40
          },
          "end": {
            "line": 45,
            "column": 3
          }
        },
        "line": 43
      },
      "4": {
        "name": "(anonymous_4)",
        "decl": {
          "start": {
            "line": 51,
            "column": 26
          },
          "end": {
            "line": 51,
            "column": 27
          }
        },
        "loc": {
          "start": {
            "line": 51,
            "column": 72
          },
          "end": {
            "line": 225,
            "column": 1
          }
        },
        "line": 51
      },
      "5": {
        "name": "(anonymous_5)",
        "decl": {
          "start": {
            "line": 57,
            "column": 35
          },
          "end": {
            "line": 57,
            "column": 36
          }
        },
        "loc": {
          "start": {
            "line": 57,
            "column": 41
          },
          "end": {
            "line": 60,
            "column": 3
          }
        },
        "line": 57
      },
      "6": {
        "name": "(anonymous_6)",
        "decl": {
          "start": {
            "line": 64,
            "column": 18
          },
          "end": {
            "line": 64,
            "column": 19
          }
        },
        "loc": {
          "start": {
            "line": 64,
            "column": 40
          },
          "end": {
            "line": 64,
            "column": 76
          }
        },
        "line": 64
      },
      "7": {
        "name": "(anonymous_7)",
        "decl": {
          "start": {
            "line": 64,
            "column": 56
          },
          "end": {
            "line": 64,
            "column": 57
          }
        },
        "loc": {
          "start": {
            "line": 64,
            "column": 65
          },
          "end": {
            "line": 64,
            "column": 75
          }
        },
        "line": 64
      },
      "8": {
        "name": "onCodeChange",
        "decl": {
          "start": {
            "line": 78,
            "column": 11
          },
          "end": {
            "line": 78,
            "column": 23
          }
        },
        "loc": {
          "start": {
            "line": 78,
            "column": 41
          },
          "end": {
            "line": 81,
            "column": 3
          }
        },
        "line": 78
      },
      "9": {
        "name": "onSave",
        "decl": {
          "start": {
            "line": 83,
            "column": 17
          },
          "end": {
            "line": 83,
            "column": 23
          }
        },
        "loc": {
          "start": {
            "line": 83,
            "column": 26
          },
          "end": {
            "line": 117,
            "column": 3
          }
        },
        "line": 83
      },
      "10": {
        "name": "lintCode",
        "decl": {
          "start": {
            "line": 119,
            "column": 17
          },
          "end": {
            "line": 119,
            "column": 25
          }
        },
        "loc": {
[...]
      ],
      "5": [
        0,
        2
      ],
      "6": [
        0,
        0
      ],
      "7": [
        252,
        2
      ],
      "8": [
        0,
        252
      ],
      "9": [
        252,
        88
      ]
    },
    "_coverageSchema": "1a1c01bbd47fc00a2c39e90264f33305004495a9",
    "hash": "989f63dd1a4e9ad54f9e21afb187cafba74de50c"
  },
  "/Users/danielkirkwood/code/pycode/pages/signup.tsx": {
    "path": "/Users/danielkirkwood/code/pycode/pages/signup.tsx",
    "statementMap": {
      "0": {
        "start": {
          "line": 11,
          "column": 24
        },
        "end": {
          "line": 284,
          "column": 1
        }
      },
      "1": {
        "start": {
          "line": 13,
          "column": 28
        },
        "end": {
          "line": 13,
          "column": 40
        }
      },
      "2": {
        "start": {
          "line": 16,
          "column": 29
        },
        "end": {
          "line": 16,
          "column": 40
        }
      },
      "3": {
        "start": {
          "line": 19,
          "column": 26
        },
        "end": {
          "line": 19,
          "column": 38
        }
      },
      "4": {
        "start": {
          "line": 20,
          "column": 28
        },
        "end": {
          "line": 20,
          "column": 40
        }
      },
      "5": {
        "start": {
          "line": 21,
          "column": 34
        },
        "end": {
          "line": 21,
          "column": 46
        }
      },
      "6": {
        "start": {
          "line": 22,
          "column": 48
        },
        "end": {
          "line": 22,
          "column": 60
        }
      },
      "7": {
        "start": {
          "line": 23,
          "column": 42
        },
        "end": {
          "line": 23,
          "column": 57
        }
      },
      "8": {
        "start": {
          "line": 26,
          "column": 28
        },
        "end": {
          "line": 26,
          "column": 40
        }
      },
      "9": {
        "start": {
          "line": 29,
          "column": 20
        },
        "end": {
          "line": 29,
          "column": 32
        }
      },
      "10": {
        "start": {
          "line": 31,
          "column": 2
        },
        "end": {
          "line": 37,
          "column": 23
        }
      },
      "11": {
        "start": {
          "line": 33,
          "column": 4
        },
        "end": {
          "line": 35,
          "column": 5
        }
      },
      "12": {
        "start": {
          "line": 34,
          "column": 6
        },
        "end": {
          "line": 34,
          "column": 32
        }
      },
      "13": {
        "start": {
          "line": 36,
          "column": 4
        },
        "end": {
          "line": 36,
          "column": 29
        }
      },
      "14": {
        "start": {
          "line": 39,
          "column": 23
        },
        "end": {
          "line": 78,
          "column": 3
        }
      },
      "15": {
        "start": {
          "line": 40,
          "column": 4
        },
        "end": {
          "line": 40,
          "column": 22
        }
      },
      "16": {
        "start": {
          "line": 41,
          "column": 4
        },
        "end": {
          "line": 44,
          "column": 5
        }
      },
      "17": {
        "start": {
          "line": 42,
          "column": 6
        },
        "end": {
          "line": 42,
          "column": 44
        }
      },
      "18": {
        "start": {
          "line": 43,
          "column": 6
        },
        "end": {
          "line": 43,
          "column": 12
        }
      },
      "19": {
        "start": {
          "line": 45,
          "column": 4
        },
        "end": {
          "line": 48,
          "column": 5
        }
      },
      "20": {
        "start": {
          "line": 46,
          "column": 6
        },
        "end": {
          "line": 46,
          "column": 36
        }
      },
      "21": {
        "start": {
          "line": 47,
          "column": 6
        },
        "end": {
          "line": 47,
          "column": 12
        }
      },
      "22": {
        "start": {
          "line": 49,
          "column": 4
        },
        "end": {
          "line": 52,
          "column": 5
        }
      },
      "23": {
        "start": {
          "line": 50,
          "column": 6
        },
        "end": {
          "line": 50,
          "column": 40
        }
      },
      "24": {
        "start": {
          "line": 51,
          "column": 6
        },
        "end": {
          "line": 51,
          "column": 12
        }
      },
      "25": {
        "start": {
          "line": 54,
          "column": 21
        },
        "end": {
          "line": 65,
          "column": 6
        }
      },
      "26": {
        "start": {
          "line": 67,
          "column": 17
        },
        "end": {
          "line": 67,
          "column": 38
        }
      },
      "27": {
        "start": {
          "line": 69,
          "column": 4
        },
        "end": {
          "line": 72,
          "column": 5
        }
      },
      "28": {
        "start": {
          "line": 70,
          "column": 6
        },
        "end": {
          "line": 70,
          "column": 34
        }
      },
      "29": {
        "start": {
          "line": 71,
          "column": 6
        },
        "end": {
          "line": 71,
          "column": 12
        }
      },
      "30": {
        "start": {
          "line": 74,
          "column": 4
        },
        "end": {
          "line": 77,
          "column": 6
        }
      },
      "31": {
        "start": {
          "line": 80,
          "column": 2
        },
        "end": {
          "line": 283,
          "column": 3
        }
      },
      "32": {
        "start": {
          "line": 101,
          "column": 35
        },
        "end": {
          "line": 101,
          "column": 58
        }
      },
      "33": {
        "start": {
          "line": 121,
          "column": 35
        },
        "end": {
          "line": 121,
          "column": 59
        }
      },
      "34": {
        "start": {
          "line": 134,
          "column": 33
        },
        "end": {
          "line": 134,
          "column": 63
        }
      },
      "35": {
        "start": {
          "line": 148,
          "column": 35
        },
        "end": {
          "line": 148,
          "column": 62
        }
      },
      "36": {
        "start": {
          "line": 161,
          "column": 33
        },
        "end": {
          "line": 161,
          "column": 63
        }
      },
      "37": {
        "start": {
          "line": 175,
          "column": 35
        },
        "end": {
          "line": 175,
          "column": 69
        }
      }
    },
    "fnMap": {
      "0": {
        "name": "(anonymous_0)",
        "decl": {
          "start": {
            "line": 11,
            "column": 24
          },
          "end": {
            "line": 11,
            "column": 25
          }
        },
        "loc": {
          "start": {
            "line": 11,
            "column": 30
          },
          "end": {
            "line": 284,
            "column": 1
          }
        },
        "line": 11
      },
      "1": {
        "name": "(anonymous_1)",
        "decl": {
          "start": {
            "line": 31,
            "column": 12
          },
          "end": {
            "line": 31,
            "column": 13
          }
        },
        "loc": {
          "start": {
            "line": 31,
            "column": 18
          },
          "end": {
            "line": 37,
            "column": 3
          }
        },
        "line": 31
      },
      "2": {
        "name": "(anonymous_2)",
        "decl": {
          "start": {
            "line": 39,
            "column": 23
          },
          "end": {
            "line": 39,
            "column": 24
          }
        },
        "loc": {
          "start": {
            "line": 39,
            "column": 70
          },
          "end": {
            "line": 78,
            "column": 3
          }
        },
        "line": 39
      },
      "3": {
        "name": "(anonymous_3)",
        "decl": {
          "start": {
            "line": 101,
            "column": 28
          },
          "end": {
            "line": 101,
            "column": 29
          }
        },
        "loc": {
          "start": {
            "line": 101,
            "column": 35
          },
          "end": {
            "line": 101,
            "column": 58
          }
        },
        "line": 101
      },
      "4": {
        "name": "(anonymous_4)",
        "decl": {
          "start": {
            "line": 121,
            "column": 28
          },
          "end": {
            "line": 121,
            "column": 29
          }
        },
        "loc": {
          "start": {
            "line": 121,
            "column": 35
          },
          "end": {
            "line": 121,
            "column": 59
          }
        },
        "line": 121
      },
      "5": {
        "name": "(anonymous_5)",
        "decl": {
          "start": {
            "line": 134,
            "column": 27
          },
          "end": {
            "line": 134,
            "column": 28
          }
        },
        "loc": {
          "start": {
            "line": 134,
            "column": 33
          },
          "end": {
            "line": 134,
            "column": 63
          }
        },
        "line": 134
      },
      "6": {
        "name": "(anonymous_6)",
        "decl": {
          "start": {
            "line": 148,
            "column": 28
          },
          "end": {
            "line": 148,
            "column": 29
          }
        },
        "loc": {
          "start": {
            "line": 148,
            "column": 35
          },
          "end": {
            "line": 148,
            "column": 62
          }
        },
        "line": 148
      },
      "7": {
        "name": "(anonymous_7)",
        "decl": {
          "start": {
            "line": 161,
            "column": 27
          },
          "end": {
            "line": 161,
            "column": 28
          }
        },
        "loc": {
          "start": {
            "line": 161,
            "column": 33
          },
          "end": {
            "line": 161,
            "column": 63
          }
        },
        "line": 161
      },
      "8": {
        "name": "(anonymous_8)",
        "decl": {
          "start": {
            "line": 175,
            "column": 28
          },
          "end": {
            "line": 175,
            "column": 29
          }
        },
        "loc": {
          "start": {
            "line": 175,
            "column": 35
          },
          "end": {
            "line": 175,
            "column": 69
          }
        },
        "line": 175
      }
    },
    "branchMap": {
      "0": {
        "loc": {
          "start": {
            "line": 33,
            "column": 4
          },
          "end": {
            "line": 35,
            "column": 5
          }
        },
        "type": "if",
        "locations": [
          {
            "start": {
              "line": 33,
              "column": 4
            },
            "end": {
              "line": 35,
              "column": 5
            }
          },
          {
            "start": {},
            "end": {}
          }
        ],
        "line": 33
      },
      "1": {
        "loc": {
          "start": {
            "line": 41,
            "column": 4
          },
          "end": {
            "line": 44,
            "column": 5
          }
        },
        "type": "if",
        "locations": [
          {
            "start": {
              "line": 41,
              "column": 4
            },
            "end": {
              "line": 44,
              "column": 5
            }
          },
          {
            "start": {},
            "end": {}
          }
        ],
        "line": 41
      },
      "2": {
        "loc": {
          "start": {
            "line": 41,
            "column": 8
          },
          "end": {
            "line": 41,
            "column": 56
          }
        },
        "type": "binary-expr",
        "locations": [
          {
            "start": {
              "line": 41,
              "column": 8
            },
            "end": {
              "line": 41,
              "column": 13
            }
          },
          {
            "start": {
              "line": 41,
              "column": 17
            },
            "end": {
              "line": 41,
              "column": 23
            }
          },
          {
            "start": {
              "line": 41,
              "column": 27
            },
            "end": {
              "line": 41,
              "column": 36
            }
          },
          {
            "start": {
              "line": 41,
              "column": 40
            },
            "end": {
              "line": 41,
              "column": 56
            }
          }
        ],
        "line": 41
      },
      "3": {
        "loc": {
          "start": {
            "line": 45,
            "column": 4
          },
          "end": {
            "line": 48,
            "column": 5
          }
        },
        "type": "if",
        "locations": [
          {
            "start": {
              "line": 45,
              "column": 4
            },
            "end": {
              "line": 48,
              "column": 5
            }
          },
          {
            "start": {},
            "end": {}
          }
        ],
        "line": 45
      },
      "4": {
        "loc": {
          "start": {
            "line": 49,
            "column": 4
          },
          "end": {
            "line": 52,
            "column": 5
          }
        },
        "type": "if",
        "locations": [
          {
            "start": {
              "line": 49,
              "column": 4
            },
            "end": {
              "line": 52,
              "column": 5
            }
          },
          {
            "start": {},
            "end": {}
          }
        ],
        "line": 49
      },
      "5": {
        "loc": {
          "start": {
            "line": 69,
            "column": 4
          },
          "end": {
            "line": 72,
            "column": 5
          }
        },
        "type": "if",
        "locations": [
          {
            "start": {
              "line": 69,
              "column": 4
            },
            "end": {
              "line": 72,
              "column": 5
            }
          },
          {
            "start": {},
            "end": {}
          }
        ],
        "line": 69
      },
      "6": {
        "loc": {
          "start": {
            "line": 136,
            "column": 19
          },
          "end": {
            "line": 140,
            "column": 19
          }
        },
        "type": "cond-expr",
        "locations": [
          {
            "start": {
              "line": 137,
              "column": 20
            },
            "end": {
              "line": 137,
              "column": 80
            }
          },
          {
            "start": {
              "line": 139,
              "column": 20
            },
            "end": {
              "line": 139,
              "column": 80
            }
          }
        ],
        "line": 136
      },
      "7": {
        "loc": {
          "start": {
            "line": 146,
            "column": 27
          },
          "end": {
            "line": 146,
            "column": 61
          }
        },
        "type": "cond-expr",
        "locations": [
          {
            "start": {
              "line": 146,
              "column": 42
            },
            "end": {
              "line": 146,
              "column": 48
            }
          },
          {
            "start": {
              "line": 146,
              "column": 51
            },
            "end": {
              "line": 146,
              "column": 61
            }
          }
        ],
        "line": 146
      },
      "8": {
        "loc": {
          "start": {
            "line": 163,
            "column": 19
          },
          "end": {
            "line": 167,
            "column": 19
          }
        },
        "type": "cond-expr",
        "locations": [
          {
            "start": {
              "line": 164,
              "column": 20
            },
            "end": {
              "line": 164,
              "column": 80
            }
          },
          {
            "start": {
              "line": 166,
              "column": 20
            },
            "end": {
              "line": 166,
              "column": 80
            }
          }
        ],
        "line": 163
      },
      "9": {
        "loc": {
          "start": {
            "line": 173,
            "column": 27
          },
          "end": {
            "line": 173,
            "column": 61
          }
        },
        "type": "cond-expr",
        "locations": [
          {
            "start": {
              "line": 173,
              "column": 42
            },
            "end": {
              "line": 173,
              "column": 48
            }
          },
          {
            "start": {
              "line": 173,
              "column": 51
            },
            "end": {
              "line": 173,
              "column": 61
            }
          }
        ],
        "line": 173
      },
      "10": {
        "loc": {
          "start": {
            "line": 182,
            "column": 13
          },
          "end": {
            "line": 186,
            "column": 13
          }
        },
        "type": "binary-expr",
        "locations": [
          {
            "start": {
              "line": 182,
              "column": 13
            },
            "end": {
              "line": 182,
              "column": 18
            }
          },
          {
            "start": {
              "line": 183,
              "column": 14
            },
            "end": {
              "line": 185,
              "column": 20
            }
          }
        ],
        "line": 182
      }
    },
    "s": {
      "0": 3,
      "1": 470,
      "2": 470,
      "3": 470,
      "4": 470,
      "5": 470,
      "6": 470,
      "7": 470,
      "8": 470,
      "9": 470,
      "10": 470,
      "11": 6,
      "12": 0,
      "13": 6,
      "14": 470,
      "15": 7,
      "16": 7,
      "17": 2,
      "18": 2,
      "19": 5,
      "20": 2,
      "21": 2,
      "22": 3,
      "23": 2,
      "24": 2,
      "25": 1,
      "26": 1,
      "27": 1,
      "28": 0,
      "29": 0,
      "30": 1,
      "31": 470,
      "32": 33,
      "33": 91,
      "34": 0,
      "35": 33,
      "36": 0,
      "37": 63
    },
    "f": {
      "0": 470,
      "1": 6,
      "2": 7,
      "3": 33,
      "4": 91,
      "5": 0,
      "6": 33,
      "7": 0,
      "8": 63
    },
    "b": {
      "0": [
        0,
        6
      ],
      "1": [
        2,
        5
      ],
      "2": [
        7,
        5,
        5,
        5
      ],
      "3": [
        2,
        3
      ],
      "4": [
        2,
        1
      ],
      "5": [
        0,
        1
      ],
      "6": [
        0,
        470
      ],
      "7": [
        0,
        470
      ],
      "8": [
        0,
        470
      ],
      "9": [
        0,
        470
      ],
      "10": [
        470,
        352
      ]
    },
    "_coverageSchema": "1a1c01bbd47fc00a2c39e90264f33305004495a9",
    "hash": "2cc90ea91c090557bd041cc20734738dea00cb06"
  }
}